21:28:48 - PLANE HEADING DEGREES TRUE changed from 101900 to 101906
21:28:48 - TRANSPONDER CODE:1 changed from 0002.56135627736412 to 0002.56166580209134
21:28:48 - PLANE HEADING DEGREES TRUE changed from 101906 to 101911
21:28:48 - TRANSPONDER CODE:1 changed from 0002.56166580209134 to 0002.56195435665356
21:28:48 - PLANE HEADING DEGREES TRUE changed from 101911 to 101917
21:28:48 - TRANSPONDER CODE:1 changed from 0002.56195435665356 to 0002.56224680769712
21:28:48 - PLANE HEADING DEGREES TRUE changed from 101917 to 101923
21:28:48 - TRANSPONDER CODE:1 changed from 0002.56224680769712 to 0002.562554495772
21:28:48 - PLANE HEADING DEGREES TRUE changed from 101923 to 101929
21:28:48 - TRANSPONDER CODE:1 changed from 0002.562554495772 to 0002.56287190040326
21:28:48 - PLANE HEADING DEGREES TRUE changed from 101929 to 101935
21:28:48 - TRANSPONDER CODE:1 changed from 0002.56287190040326 to 0002.56317557334888
21:28:48 - NAV OBS:1 changed from 526 to 531
21:28:48 - PLANE HEADING DEGREES TRUE changed from 101935 to 101941
21:28:48 - TRANSPONDER CODE:1 changed from 0002.56317557334888 to 0002.5634848933953
21:28:48 - PLANE HEADING DEGREES TRUE changed from 101941 to 101947
21:28:48 - TRANSPONDER CODE:1 changed from 0002.5634848933953 to 0002.56384567677569
21:28:48 - NAV OBS:1 changed from 531 to 532
21:28:48 - PLANE HEADING DEGREES TRUE changed from 101947 to 101954
21:28:48 - TRANSPONDER CODE:1 changed from 0002.56384567677569 to 0002.5641871511734
21:28:48 - PLANE HEADING DEGREES TRUE changed from 101954 to 101960
21:28:48 - TRANSPONDER CODE:1 changed from 0002.5641871511734 to 0002.56448098748143
21:28:48 - PLANE HEADING DEGREES TRUE changed from 101960 to 101965
21:28:48 - TRANSPONDER CODE:1 changed from 0002.56448098748143 to 0002.56478684263412
21:28:48 - PLANE HEADING DEGREES TRUE changed from 101965 to 101971
21:28:48 - TRANSPONDER CODE:1 changed from 0002.56478684263412 to 0002.56505959306704
21:28:48 - PLANE HEADING DEGREES TRUE changed from 101971 to 101977
21:28:48 - TRANSPONDER CODE:1 changed from 0002.56505959306704 to 0002.56537567081976
21:28:48 - PLANE HEADING DEGREES TRUE changed from 101977 to 101982
21:28:48 - TRANSPONDER CODE:1 changed from 0002.56537567081976 to 0002.56565335745
21:28:48 - PLANE HEADING DEGREES TRUE changed from 101982 to 101988
21:28:48 - TRANSPONDER CODE:1 changed from 0002.56565335745 to 0002.56598033967027
21:28:48 - PLANE HEADING DEGREES TRUE changed from 101988 to 101995
21:28:48 - TRANSPONDER CODE:1 changed from 0002.56598033967027 to 0002.56630668431626
21:28:48 - PLANE HEADING DEGREES TRUE changed from 101995 to 102004
21:28:48 - TRANSPONDER CODE:1 changed from 0002.56630668431626 to 0002.56677365419188
21:28:48 - PLANE HEADING DEGREES TRUE changed from 102004 to 102011
21:28:48 - TRANSPONDER CODE:1 changed from 0002.56677365419188 to 0002.56713518171173
21:28:48 - PLANE HEADING DEGREES TRUE changed from 102011 to 102017
21:28:48 - TRANSPONDER CODE:1 changed from 0002.56713518171173 to 0002.56746461845928
21:28:48 - PLANE HEADING DEGREES TRUE changed from 102017 to 102023
21:28:48 - TRANSPONDER CODE:1 changed from 0002.56746461845928 to 0002.56780359620802
21:28:48 - PLANE HEADING DEGREES TRUE changed from 102023 to 102030
21:28:48 - TRANSPONDER CODE:1 changed from 0002.56780359620802 to 0002.56812218228235
21:28:48 - PLANE HEADING DEGREES TRUE changed from 102030 to 102036
21:28:48 - TRANSPONDER CODE:1 changed from 0002.56812218228235 to 0002.56843870444296
21:28:48 - PLANE HEADING DEGREES TRUE changed from 102036 to 102043
21:28:48 - TRANSPONDER CODE:1 changed from 0002.56843870444296 to 0002.56881799004969
21:28:48 - PLANE HEADING DEGREES TRUE changed from 102043 to 102049
21:28:48 - TRANSPONDER CODE:1 changed from 0002.56881799004969 to 0002.56913328147617
21:28:48 - PLANE HEADING DEGREES TRUE changed from 102049 to 102055
21:28:48 - TRANSPONDER CODE:1 changed from 0002.56913328147617 to 0002.56946467355508
21:28:48 - PLANE HEADING DEGREES TRUE changed from 102055 to 102061
21:28:48 - TRANSPONDER CODE:1 changed from 0002.56946467355508 to 0002.56977863639022
21:28:48 - PLANE HEADING DEGREES TRUE changed from 102061 to 102067
21:28:48 - TRANSPONDER CODE:1 changed from 0002.56977863639022 to 0002.57008579275687
21:28:48 - PLANE HEADING DEGREES TRUE changed from 102067 to 102073
21:28:48 - TRANSPONDER CODE:1 changed from 0002.57008579275687 to 0002.57039777355854
21:28:48 - PLANE HEADING DEGREES TRUE changed from 102073 to 102079
21:28:48 - TRANSPONDER CODE:1 changed from 0002.57039777355854 to 0002.57068761318203
21:28:48 - PLANE HEADING DEGREES TRUE changed from 102079 to 102085
21:28:48 - TRANSPONDER CODE:1 changed from 0002.57068761318203 to 0002.5710012638733
21:28:48 - PLANE HEADING DEGREES TRUE changed from 102085 to 102090
21:28:48 - TRANSPONDER CODE:1 changed from 0002.5710012638733 to 0002.57129000023653
21:28:48 - PLANE HEADING DEGREES TRUE changed from 102090 to 102096
21:28:48 - TRANSPONDER CODE:1 changed from 0002.57129000023653 to 0002.57159071638648
21:28:48 - PLANE HEADING DEGREES TRUE changed from 102096 to 102102
21:28:48 - TRANSPONDER CODE:1 changed from 0002.57159071638648 to 0002.57192072377825
21:28:48 - PLANE HEADING DEGREES TRUE changed from 102102 to 102109
21:28:48 - TRANSPONDER CODE:1 changed from 0002.57192072377825 to 0002.5722575645822
21:28:48 - PLANE HEADING DEGREES TRUE changed from 102109 to 102115
21:28:48 - TRANSPONDER CODE:1 changed from 0002.5722575645822 to 0002.57260893508912
21:28:48 - PLANE HEADING DEGREES TRUE changed from 102115 to 102125
21:28:48 - TRANSPONDER CODE:1 changed from 0002.57260893508912 to 0002.57309985231592
21:28:48 - PLANE HEADING DEGREES TRUE changed from 102125 to 102131
21:28:48 - TRANSPONDER CODE:1 changed from 0002.57309985231592 to 0002.57342670132807
21:28:48 - NAV OBS:1 changed from 532 to 533
21:28:48 - PLANE HEADING DEGREES TRUE changed from 102131 to 102137
21:28:48 - TRANSPONDER CODE:1 changed from 0002.57342670132807 to 0002.57374721137982
21:28:48 - PLANE HEADING DEGREES TRUE changed from 102137 to 102143
21:28:48 - TRANSPONDER CODE:1 changed from 0002.57374721137982 to 0002.57407782064935
21:28:48 - PLANE HEADING DEGREES TRUE changed from 102143 to 102149
21:28:48 - TRANSPONDER CODE:1 changed from 0002.57407782064935 to 0002.57438817344391
21:28:48 - PLANE HEADING DEGREES TRUE changed from 102149 to 102155
21:28:48 - TRANSPONDER CODE:1 changed from 0002.57438817344391 to 0002.57472401606072
21:28:48 - PLANE HEADING DEGREES TRUE changed from 102155 to 102162
21:28:48 - TRANSPONDER CODE:1 changed from 0002.57472401606072 to 0002.57510635755359
21:28:48 - PLANE HEADING DEGREES TRUE changed from 102162 to 102169
21:28:48 - TRANSPONDER CODE:1 changed from 0002.57510635755359 to 0002.5754426518148
21:28:48 - PLANE HEADING DEGREES TRUE changed from 102169 to 102176
21:28:48 - TRANSPONDER CODE:1 changed from 0002.5754426518148 to 0002.57584447590231
21:28:48 - PLANE HEADING DEGREES TRUE changed from 102176 to 102184
21:28:48 - TRANSPONDER CODE:1 changed from 0002.57584447590231 to 0002.57623826420561
21:28:48 - PLANE HEADING DEGREES TRUE changed from 102184 to 102192
21:28:48 - TRANSPONDER CODE:1 changed from 0002.57623826420561 to 0002.57665148411222
21:28:48 - PLANE HEADING DEGREES TRUE changed from 102192 to 102198
21:28:48 - TRANSPONDER CODE:1 changed from 0002.57665148411222 to 0002.57700447965685
21:28:48 - PLANE HEADING DEGREES TRUE changed from 102198 to 102205
21:28:48 - TRANSPONDER CODE:1 changed from 0002.57700447965685 to 0002.5773744045587
21:28:48 - PLANE HEADING DEGREES TRUE changed from 102205 to 102211
21:28:48 - TRANSPONDER CODE:1 changed from 0002.5773744045587 to 0002.57769586918981
21:28:48 - PLANE HEADING DEGREES TRUE changed from 102211 to 102218
21:28:48 - TRANSPONDER CODE:1 changed from 0002.57769586918981 to 0002.57802727184925
21:28:48 - PLANE HEADING DEGREES TRUE changed from 102218 to 102225
21:28:48 - TRANSPONDER CODE:1 changed from 0002.57802727184925 to 0002.5784075870617
21:28:48 - PLANE HEADING DEGREES TRUE changed from 102225 to 102231
21:28:48 - TRANSPONDER CODE:1 changed from 0002.5784075870617 to 0002.57875040768816
21:28:48 - PLANE HEADING DEGREES TRUE changed from 102231 to 102239
21:28:48 - TRANSPONDER CODE:1 changed from 0002.57875040768816 to 0002.5791455554773
21:28:48 - PLANE HEADING DEGREES TRUE changed from 102239 to 102245
21:28:48 - TRANSPONDER CODE:1 changed from 0002.5791455554773 to 0002.5794894473821
21:28:48 - PLANE HEADING DEGREES TRUE changed from 102245 to 102252
21:28:48 - TRANSPONDER CODE:1 changed from 0002.5794894473821 to 0002.57984062733988
21:28:48 - PLANE HEADING DEGREES TRUE changed from 102252 to 102260
21:28:48 - TRANSPONDER CODE:1 changed from 0002.57984062733988 to 0002.58027143154808
21:28:48 - PLANE HEADING DEGREES TRUE changed from 102260 to 102267
21:28:48 - TRANSPONDER CODE:1 changed from 0002.58027143154808 to 0002.5806503766654
21:28:48 - PLANE HEADING DEGREES TRUE changed from 102267 to 102274
21:28:48 - TRANSPONDER CODE:1 changed from 0002.5806503766654 to 0002.58099445782666
21:28:48 - PLANE HEADING DEGREES TRUE changed from 102274 to 102281
21:28:48 - TRANSPONDER CODE:1 changed from 0002.58099445782666 to 0002.58136914118686
21:28:48 - PLANE HEADING DEGREES TRUE changed from 102281 to 102287
21:28:48 - TRANSPONDER CODE:1 changed from 0002.58136914118686 to 0002.58171103681891
21:28:48 - PLANE HEADING DEGREES TRUE changed from 102287 to 102294
21:28:48 - TRANSPONDER CODE:1 changed from 0002.58171103681891 to 0002.58204986739114
21:28:48 - PLANE HEADING DEGREES TRUE changed from 102294 to 102301
21:28:48 - TRANSPONDER CODE:1 changed from 0002.58204986739114 to 0002.58242991401429
21:28:48 - PLANE HEADING DEGREES TRUE changed from 102301 to 102308
21:28:48 - TRANSPONDER CODE:1 changed from 0002.58242991401429 to 0002.58277901519039
21:28:48 - PLANE HEADING DEGREES TRUE changed from 102308 to 102314
21:28:48 - TRANSPONDER CODE:1 changed from 0002.58277901519039 to 0002.5831225387937
21:28:48 - PLANE HEADING DEGREES TRUE changed from 102314 to 102321
21:28:48 - TRANSPONDER CODE:1 changed from 0002.5831225387937 to 0002.58347474085896
21:28:48 - NAV OBS:1 changed from 533 to 534
21:28:48 - PLANE HEADING DEGREES TRUE changed from 102321 to 102327
21:28:48 - TRANSPONDER CODE:1 changed from 0002.58347474085896 to 0002.58380904308909
21:28:48 - PLANE HEADING DEGREES TRUE changed from 102327 to 102334
21:28:48 - TRANSPONDER CODE:1 changed from 0002.58380904308909 to 0002.58417809725177
21:28:48 - PLANE HEADING DEGREES TRUE changed from 102334 to 102341
21:28:48 - TRANSPONDER CODE:1 changed from 0002.58417809725177 to 0002.58452126788475
21:28:48 - PLANE HEADING DEGREES TRUE changed from 102341 to 102347
21:28:48 - TRANSPONDER CODE:1 changed from 0002.58452126788475 to 0002.58486196487363
21:28:48 - PLANE HEADING DEGREES TRUE changed from 102347 to 102353
21:28:48 - TRANSPONDER CODE:1 changed from 0002.58486196487363 to 0002.58518988478164
21:28:48 - PLANE HEADING DEGREES TRUE changed from 102353 to 102359
21:28:48 - TRANSPONDER CODE:1 changed from 0002.58518988478164 to 0002.58550659941015
21:28:48 - PLANE HEADING DEGREES TRUE changed from 102359 to 102365
21:28:48 - TRANSPONDER CODE:1 changed from 0002.58550659941015 to 0002.58583190337977
21:28:48 - PLANE HEADING DEGREES TRUE changed from 102365 to 102371
21:28:48 - TRANSPONDER CODE:1 changed from 0002.58583190337977 to 0002.58612987705324
21:28:48 - PLANE HEADING DEGREES TRUE changed from 102371 to 102377
21:28:48 - TRANSPONDER CODE:1 changed from 0002.58612987705324 to 0002.58645385930955
21:28:48 - PLANE HEADING DEGREES TRUE changed from 102377 to 102383
21:28:49 - TRANSPONDER CODE:1 changed from 0002.58645385930955 to 0002.58673644976418
21:28:49 - PLANE HEADING DEGREES TRUE changed from 102383 to 102391
21:28:49 - TRANSPONDER CODE:1 changed from 0002.58673644976418 to 0002.5871850168163
21:28:49 - PLANE HEADING DEGREES TRUE changed from 102391 to 102397
21:28:49 - TRANSPONDER CODE:1 changed from 0002.5871850168163 to 0002.58748437099256
21:28:49 - PLANE HEADING DEGREES TRUE changed from 102397 to 102403
21:28:49 - TRANSPONDER CODE:1 changed from 0002.58748437099256 to 0002.58779796257566
21:28:49 - PLANE HEADING DEGREES TRUE changed from 102403 to 102408
21:28:49 - TRANSPONDER CODE:1 changed from 0002.58779796257566 to 0002.58809667987936
21:28:49 - PLANE HEADING DEGREES TRUE changed from 102408 to 102414
21:28:49 - TRANSPONDER CODE:1 changed from 0002.58809667987936 to 0002.5884039323943
21:28:49 - PLANE HEADING DEGREES TRUE changed from 102414 to 102420
21:28:49 - TRANSPONDER CODE:1 changed from 0002.5884039323943 to 0002.58869254785239
21:28:49 - PLANE HEADING DEGREES TRUE changed from 102420 to 102427
21:28:49 - TRANSPONDER CODE:1 changed from 0002.58869254785239 to 0002.58904864830886
21:28:49 - PLANE HEADING DEGREES TRUE changed from 102427 to 102432
21:28:49 - TRANSPONDER CODE:1 changed from 0002.58904864830886 to 0002.58935041868905
21:28:49 - PLANE HEADING DEGREES TRUE changed from 102432 to 102439
21:28:49 - TRANSPONDER CODE:1 changed from 0002.58935041868905 to 0002.58967473354556
21:28:49 - PLANE HEADING DEGREES TRUE changed from 102439 to 102445
21:28:49 - TRANSPONDER CODE:1 changed from 0002.58967473354556 to 0002.5900277874487
21:28:49 - PLANE HEADING DEGREES TRUE changed from 102445 to 102452
21:28:49 - TRANSPONDER CODE:1 changed from 0002.5900277874487 to 0002.59037786812907
21:28:49 - PLANE HEADING DEGREES TRUE changed from 102452 to 102459
21:28:49 - TRANSPONDER CODE:1 changed from 0002.59037786812907 to 0002.59075366857162
21:28:49 - PLANE HEADING DEGREES TRUE changed from 102459 to 102465
21:28:49 - TRANSPONDER CODE:1 changed from 0002.59075366857162 to 0002.59107155137536
21:28:49 - PLANE HEADING DEGREES TRUE changed from 102465 to 102472
21:28:49 - TRANSPONDER CODE:1 changed from 0002.59107155137536 to 0002.59140472998377
21:28:49 - PLANE HEADING DEGREES TRUE changed from 102472 to 102478
21:28:49 - TRANSPONDER CODE:1 changed from 0002.59140472998377 to 0002.59174122388305
21:28:49 - PLANE HEADING DEGREES TRUE changed from 102478 to 102485
21:28:49 - TRANSPONDER CODE:1 changed from 0002.59174122388305 to 0002.59209954580299
21:28:49 - PLANE HEADING DEGREES TRUE changed from 102485 to 102491
21:28:49 - TRANSPONDER CODE:1 changed from 0002.59209954580299 to 0002.59241479702367
21:28:49 - PLANE HEADING DEGREES TRUE changed from 102491 to 102498
21:28:49 - TRANSPONDER CODE:1 changed from 0002.59241479702367 to 0002.59275555139248
21:28:49 - PLANE HEADING DEGREES TRUE changed from 102498 to 102503
21:28:49 - TRANSPONDER CODE:1 changed from 0002.59275555139248 to 0002.59302818488818
21:28:49 - PLANE HEADING DEGREES TRUE changed from 102503 to 102511
21:28:49 - TRANSPONDER CODE:1 changed from 0002.59302818488818 to 0002.59343464971593
21:28:49 - NAV OBS:1 changed from 534 to 545
21:28:49 - PLANE HEADING DEGREES TRUE changed from 102511 to 102517
21:28:49 - TRANSPONDER CODE:1 changed from 0002.59343464971593 to 0002.59373713996214
21:28:49 - PLANE HEADING DEGREES TRUE changed from 102517 to 102523
21:28:49 - TRANSPONDER CODE:1 changed from 0002.59373713996214 to 0002.59404978733508
21:28:49 - PLANE HEADING DEGREES TRUE changed from 102523 to 102529
21:28:49 - TRANSPONDER CODE:1 changed from 0002.59404978733508 to 0002.59433561560919
21:28:49 - PLANE HEADING DEGREES TRUE changed from 102529 to 102534
21:28:49 - TRANSPONDER CODE:1 changed from 0002.59433561560919 to 0002.59462712340654
21:28:49 - PLANE HEADING DEGREES TRUE changed from 102534 to 102540
21:28:49 - TRANSPONDER CODE:1 changed from 0002.59462712340654 to 0002.59492187182131
21:28:49 - PLANE HEADING DEGREES TRUE changed from 102540 to 102546
21:28:49 - TRANSPONDER CODE:1 changed from 0002.59492187182131 to 0002.59522125161459
21:28:49 - PLANE HEADING DEGREES TRUE changed from 102546 to 102553
21:28:49 - TRANSPONDER CODE:1 changed from 0002.59522125161459 to 0002.59554701417425
21:28:49 - PLANE HEADING DEGREES TRUE changed from 102553 to 102560
21:28:49 - TRANSPONDER CODE:1 changed from 0002.59554701417425 to 0002.59591806837225
21:28:49 - PLANE HEADING DEGREES TRUE changed from 102560 to 102566
21:28:49 - TRANSPONDER CODE:1 changed from 0002.59591806837225 to 0002.59623026042031
21:28:49 - PLANE HEADING DEGREES TRUE changed from 102566 to 102572
21:28:49 - TRANSPONDER CODE:1 changed from 0002.59623026042031 to 0002.59653712236756
21:28:49 - PLANE HEADING DEGREES TRUE changed from 102572 to 102577
21:28:49 - TRANSPONDER CODE:1 changed from 0002.59653712236756 to 0002.59682484140619
21:28:49 - PLANE HEADING DEGREES TRUE changed from 102577 to 102583
21:28:49 - TRANSPONDER CODE:1 changed from 0002.59682484140619 to 0002.59712073169964
21:28:49 - PLANE HEADING DEGREES TRUE changed from 102583 to 102589
21:28:49 - TRANSPONDER CODE:1 changed from 0002.59712073169964 to 0002.59741527336563
21:28:49 - PLANE HEADING DEGREES TRUE changed from 102589 to 102595
21:28:49 - TRANSPONDER CODE:1 changed from 0002.59741527336563 to 0002.59773945274997
21:28:49 - PLANE HEADING DEGREES TRUE changed from 102595 to 102601
21:28:49 - TRANSPONDER CODE:1 changed from 0002.59773945274997 to 0002.59803277994579
21:28:49 - PLANE HEADING DEGREES TRUE changed from 102601 to 102607
21:28:49 - TRANSPONDER CODE:1 changed from 0002.59803277994579 to 0002.5983650192103
21:28:49 - PLANE HEADING DEGREES TRUE changed from 102607 to 102614
21:28:49 - TRANSPONDER CODE:1 changed from 0002.5983650192103 to 0002.59870367586373
21:28:49 - PLANE HEADING DEGREES TRUE changed from 102614 to 102620
21:28:49 - TRANSPONDER CODE:1 changed from 0002.59870367586373 to 0002.59903795761436
21:28:49 - PLANE HEADING DEGREES TRUE changed from 102620 to 102627
21:28:49 - TRANSPONDER CODE:1 changed from 0002.59903795761436 to 0002.59936306085582
21:28:49 - PLANE HEADING DEGREES TRUE changed from 102627 to 102635
21:28:49 - TRANSPONDER CODE:1 changed from 0002.59936306085582 to 0002.5997627961804
21:28:49 - PLANE HEADING DEGREES TRUE changed from 102635 to 102641
21:28:49 - TRANSPONDER CODE:1 changed from 0002.5997627961804 to 0002.6000777510486
21:28:49 - PLANE HEADING DEGREES TRUE changed from 102641 to 102647
21:28:49 - TRANSPONDER CODE:1 changed from 0002.6000777510486 to 0002.60038838080925
21:28:49 - PLANE HEADING DEGREES TRUE changed from 102647 to 102653
21:28:49 - TRANSPONDER CODE:1 changed from 0002.60038838080925 to 0002.60070899855936
21:28:49 - PLANE HEADING DEGREES TRUE changed from 102653 to 102658
21:28:49 - TRANSPONDER CODE:1 changed from 0002.60070899855936 to 0002.60099233464756
21:28:49 - PLANE HEADING DEGREES TRUE changed from 102658 to 102665
21:28:49 - TRANSPONDER CODE:1 changed from 0002.60099233464756 to 0002.60131273603211
21:28:49 - PLANE HEADING DEGREES TRUE changed from 102665 to 102671
21:28:49 - TRANSPONDER CODE:1 changed from 0002.60131273603211 to 0002.60163903132742
21:28:49 - PLANE HEADING DEGREES TRUE changed from 102671 to 102678
21:28:49 - TRANSPONDER CODE:1 changed from 0002.60163903132742 to 0002.60199053662383
21:28:49 - PLANE HEADING DEGREES TRUE changed from 102678 to 102684
21:28:49 - TRANSPONDER CODE:1 changed from 0002.60199053662383 to 0002.60230842727962
21:28:49 - NAV OBS:1 changed from 545 to 546
21:28:49 - PLANE HEADING DEGREES TRUE changed from 102684 to 102691
21:28:49 - TRANSPONDER CODE:1 changed from 0002.60230842727962 to 0002.60265371022227
21:28:49 - PLANE HEADING DEGREES TRUE changed from 102691 to 102697
21:28:49 - TRANSPONDER CODE:1 changed from 0002.60265371022227 to 0002.60295258619257
21:28:49 - PLANE HEADING DEGREES TRUE changed from 102697 to 102703
21:28:49 - TRANSPONDER CODE:1 changed from 0002.60295258619257 to 0002.60325574160766
21:28:49 - PLANE HEADING DEGREES TRUE changed from 102703 to 102708
21:28:49 - TRANSPONDER CODE:1 changed from 0002.60325574160766 to 0002.60353478562911
21:28:49 - PLANE HEADING DEGREES TRUE changed from 102708 to 102714
21:28:49 - TRANSPONDER CODE:1 changed from 0002.60353478562911 to 0002.60382943787762
21:28:49 - PLANE HEADING DEGREES TRUE changed from 102714 to 102719
21:28:49 - TRANSPONDER CODE:1 changed from 0002.60382943787762 to 0002.60411697657116
21:28:49 - PLANE HEADING DEGREES TRUE changed from 102719 to 102725
21:28:49 - TRANSPONDER CODE:1 changed from 0002.60411697657116 to 0002.6044074544052
21:28:49 - PLANE HEADING DEGREES TRUE changed from 102725 to 102731
21:28:49 - TRANSPONDER CODE:1 changed from 0002.6044074544052 to 0002.60470270943549
21:28:49 - PLANE HEADING DEGREES TRUE changed from 102731 to 102738
21:28:49 - TRANSPONDER CODE:1 changed from 0002.60470270943549 to 0002.60506724406377
21:28:49 - PLANE HEADING DEGREES TRUE changed from 102738 to 102744
21:28:49 - TRANSPONDER CODE:1 changed from 0002.60506724406377 to 0002.60536151591187
21:28:49 - PLANE HEADING DEGREES TRUE changed from 102744 to 102750
21:28:49 - TRANSPONDER CODE:1 changed from 0002.60536151591187 to 0002.60569514098605
21:28:49 - PLANE HEADING DEGREES TRUE changed from 102750 to 102758
21:28:49 - TRANSPONDER CODE:1 changed from 0002.60569514098605 to 0002.60609441923766
21:28:49 - PLANE HEADING DEGREES TRUE changed from 102758 to 102764
21:28:49 - TRANSPONDER CODE:1 changed from 0002.60609441923766 to 0002.60641979482191
21:28:49 - PLANE HEADING DEGREES TRUE changed from 102764 to 102770
21:28:49 - TRANSPONDER CODE:1 changed from 0002.60641979482191 to 0002.60674772925904
21:28:49 - PLANE HEADING DEGREES TRUE changed from 102770 to 102776
21:28:49 - TRANSPONDER CODE:1 changed from 0002.60674772925904 to 0002.60704698289519
21:28:49 - PLANE HEADING DEGREES TRUE changed from 102776 to 102783
21:28:49 - TRANSPONDER CODE:1 changed from 0002.60704698289519 to 0002.60738805777852
21:28:49 - PLANE HEADING DEGREES TRUE changed from 102783 to 102790
21:28:49 - TRANSPONDER CODE:1 changed from 0002.60738805777852 to 0002.60779358548116
21:28:49 - PLANE HEADING DEGREES TRUE changed from 102790 to 102797
21:28:49 - TRANSPONDER CODE:1 changed from 0002.60779358548116 to 0002.60813416444096
21:28:49 - PLANE HEADING DEGREES TRUE changed from 102797 to 102804
21:28:49 - TRANSPONDER CODE:1 changed from 0002.60813416444096 to 0002.60851433716094
21:28:49 - PLANE HEADING DEGREES TRUE changed from 102804 to 102811
21:28:49 - TRANSPONDER CODE:1 changed from 0002.60851433716094 to 0002.60884045973711
21:28:49 - PLANE HEADING DEGREES TRUE changed from 102811 to 102817
21:28:49 - TRANSPONDER CODE:1 changed from 0002.60884045973711 to 0002.60919735107379
21:28:49 - PLANE HEADING DEGREES TRUE changed from 102817 to 102824
21:28:49 - TRANSPONDER CODE:1 changed from 0002.60919735107379 to 0002.6095347777222
21:28:49 - PLANE HEADING DEGREES TRUE changed from 102824 to 102830
21:28:49 - TRANSPONDER CODE:1 changed from 0002.6095347777222 to 0002.60984973303904
21:28:49 - PLANE HEADING DEGREES TRUE changed from 102830 to 102836
21:28:49 - TRANSPONDER CODE:1 changed from 0002.60984973303904 to 0002.61018389899013
21:28:49 - PLANE HEADING DEGREES TRUE changed from 102836 to 102842
21:28:49 - TRANSPONDER CODE:1 changed from 0002.61018389899013 to 0002.61047602183025
21:28:49 - PLANE HEADING DEGREES TRUE changed from 102842 to 102849
21:28:49 - TRANSPONDER CODE:1 changed from 0002.61047602183025 to 0002.61081066533441
21:28:49 - PLANE HEADING DEGREES TRUE changed from 102849 to 102855
21:28:49 - TRANSPONDER CODE:1 changed from 0002.61081066533441 to 0002.6111215859259
21:28:49 - PLANE HEADING DEGREES TRUE changed from 102855 to 102861
21:28:49 - TRANSPONDER CODE:1 changed from 0002.6111215859259 to 0002.61143784024603
21:28:49 - PLANE HEADING DEGREES TRUE changed from 102861 to 102866
21:28:49 - TRANSPONDER CODE:1 changed from 0002.61143784024603 to 0002.61174108900196
21:28:49 - PLANE HEADING DEGREES TRUE changed from 102866 to 102873
21:28:49 - TRANSPONDER CODE:1 changed from 0002.61174108900196 to 0002.61206405526539
21:28:49 - NAV OBS:1 changed from 546 to 547
21:28:49 - PLANE HEADING DEGREES TRUE changed from 102873 to 102878
21:28:49 - TRANSPONDER CODE:1 changed from 0002.61206405526539 to 0002.61237296516539
21:28:49 - PLANE HEADING DEGREES TRUE changed from 102878 to 102886
21:28:49 - TRANSPONDER CODE:1 changed from 0002.61237296516539 to 0002.61278358822714
21:28:49 - PLANE HEADING DEGREES TRUE changed from 102886 to 102892
21:28:49 - TRANSPONDER CODE:1 changed from 0002.61278358822714 to 0002.61310504527164
21:28:49 - PLANE HEADING DEGREES TRUE changed from 102892 to 102899
21:28:49 - TRANSPONDER CODE:1 changed from 0002.61310504527164 to 0002.61346934053274
21:28:49 - PLANE HEADING DEGREES TRUE changed from 102899 to 102905
21:28:49 - TRANSPONDER CODE:1 changed from 0002.61346934053274 to 0002.61377493401904
21:28:49 - PLANE HEADING DEGREES TRUE changed from 102905 to 102912
21:28:49 - TRANSPONDER CODE:1 changed from 0002.61377493401904 to 0002.61417187919336
21:28:49 - PLANE HEADING DEGREES TRUE changed from 102912 to 102918
21:28:49 - TRANSPONDER CODE:1 changed from 0002.61417187919336 to 0002.61448207700286
21:28:49 - PLANE HEADING DEGREES TRUE changed from 102918 to 102924
21:28:49 - TRANSPONDER CODE:1 changed from 0002.61448207700286 to 0002.61480839194656
21:28:49 - PLANE HEADING DEGREES TRUE changed from 102924 to 102930
21:28:49 - TRANSPONDER CODE:1 changed from 0002.61480839194656 to 0002.61510931274277
21:28:49 - PLANE HEADING DEGREES TRUE changed from 102930 to 102936
21:28:49 - TRANSPONDER CODE:1 changed from 0002.61510931274277 to 0002.61540561951264
21:28:49 - PLANE HEADING DEGREES TRUE changed from 102936 to 102941
21:28:49 - TRANSPONDER CODE:1 changed from 0002.61540561951264 to 0002.61571514504962
21:28:49 - PLANE HEADING DEGREES TRUE changed from 102941 to 102947
21:28:50 - TRANSPONDER CODE:1 changed from 0002.61571514504962 to 0002.6160130877502
21:28:50 - PLANE HEADING DEGREES TRUE changed from 102947 to 102953
21:28:50 - TRANSPONDER CODE:1 changed from 0002.6160130877502 to 0002.61631648358622
21:28:50 - PLANE HEADING DEGREES TRUE changed from 102953 to 102958
21:28:50 - TRANSPONDER CODE:1 changed from 0002.61631648358622 to 0002.61661078638166
21:28:50 - PLANE HEADING DEGREES TRUE changed from 102958 to 102964
21:28:50 - TRANSPONDER CODE:1 changed from 0002.61661078638166 to 0002.61691367490594
21:28:50 - PLANE HEADING DEGREES TRUE changed from 102964 to 102970
21:28:50 - TRANSPONDER CODE:1 changed from 0002.61691367490594 to 0002.61722982528402
21:28:50 - PLANE HEADING DEGREES TRUE changed from 102970 to 102976
21:28:50 - TRANSPONDER CODE:1 changed from 0002.61722982528402 to 0002.61756139138166
21:28:50 - PLANE HEADING DEGREES TRUE changed from 102976 to 102983
21:28:50 - TRANSPONDER CODE:1 changed from 0002.61756139138166 to 0002.61790872519228
21:28:50 - DataTable loaded
21:28:50 - PLANE LATITUDE changed from  to 54.23
21:28:50 - PLANE LONGITUDE changed from  to -9.93
21:28:50 - PLANE HEADING DEGREES TRUE changed from  to 102989
21:28:50 - TRANSPONDER CODE:1 changed from  to 0002.61822122944398
21:28:50 - COM STATUS:1 changed from  to 7000
21:28:50 - COM ACTIVE FREQUENCY:1 changed from  to 0
21:28:50 - COM STANDBY FREQUENCY:1 changed from  to 123.600
21:28:50 - LIGHT TAXI changed from  to false
21:28:50 - LIGHT NAV changed from  to false
21:28:50 - LIGHT BEACON changed from  to true
21:28:50 - AUTOPILOT VERTICAL HOLD VAR changed from  to 1
21:28:50 - GROUND VELOCITY changed from  to 101387
21:28:50 - KOHLSMAN SETTING STD:1 changed from  to 51
21:28:50 - AUTOPILOT HEADING LOCK DIR changed from  to 0
21:28:50 - AUTOPILOT ALTITUDE LOCK VAR changed from  to 1
21:28:50 - PLANE ALT ABOVE GROUND changed from  to 0
21:28:50 - NAV OBS:1 changed from  to 547
21:28:50 - AUTOPILOT VERTICAL HOLD VAR changed from  to 0
21:28:50 - PLANE HEADING DEGREES TRUE changed from 102989 to 102995
21:28:50 - TRANSPONDER CODE:1 changed from 0002.61822122944398 to 0002.61857053089157
21:28:50 - PLANE HEADING DEGREES TRUE changed from 102995 to 103004
21:28:50 - TRANSPONDER CODE:1 changed from 0002.61857053089157 to 0002.61905755002115
21:28:50 - PLANE HEADING DEGREES TRUE changed from 103004 to 103011
21:28:50 - TRANSPONDER CODE:1 changed from 0002.61905755002115 to 0002.61939835362648
21:28:50 - PLANE HEADING DEGREES TRUE changed from 103011 to 103017
21:28:50 - TRANSPONDER CODE:1 changed from 0002.61939835362648 to 0002.61971655586891
21:28:50 - PLANE HEADING DEGREES TRUE changed from 103017 to 103023
21:28:50 - TRANSPONDER CODE:1 changed from 0002.61971655586891 to 0002.62004179082698
21:28:50 - PLANE HEADING DEGREES TRUE changed from 103023 to 103029
21:28:50 - TRANSPONDER CODE:1 changed from 0002.62004179082698 to 0002.62035496798604
21:28:50 - PLANE HEADING DEGREES TRUE changed from 103029 to 103035
21:28:50 - TRANSPONDER CODE:1 changed from 0002.62035496798604 to 0002.62067520268699
21:28:50 - PLANE HEADING DEGREES TRUE changed from 103035 to 103042
21:28:50 - TRANSPONDER CODE:1 changed from 0002.62067520268699 to 0002.62102929733207
21:28:50 - PLANE HEADING DEGREES TRUE changed from 103042 to 103048
21:28:50 - TRANSPONDER CODE:1 changed from 0002.62102929733207 to 0002.62134122082668
21:28:50 - PLANE HEADING DEGREES TRUE changed from 103048 to 103054
21:28:50 - TRANSPONDER CODE:1 changed from 0002.62134122082668 to 0002.62165862245757
21:28:50 - PLANE HEADING DEGREES TRUE changed from 103054 to 103060
21:28:50 - TRANSPONDER CODE:1 changed from 0002.62165862245757 to 0002.62197278089846
21:28:50 - NAV OBS:1 changed from 547 to 548
21:28:50 - PLANE HEADING DEGREES TRUE changed from 103060 to 103065
21:28:50 - TRANSPONDER CODE:1 changed from 0002.62197278089846 to 0002.62227668905153
21:28:50 - PLANE HEADING DEGREES TRUE changed from 103065 to 103071
21:28:50 - TRANSPONDER CODE:1 changed from 0002.62227668905153 to 0002.62258637351681
21:28:50 - PLANE HEADING DEGREES TRUE changed from 103071 to 103077
21:28:50 - TRANSPONDER CODE:1 changed from 0002.62258637351681 to 0002.62287946738294
21:28:50 - PLANE HEADING DEGREES TRUE changed from 103077 to 103082
21:28:50 - TRANSPONDER CODE:1 changed from 0002.62287946738294 to 0002.62317968557266
21:28:50 - PLANE HEADING DEGREES TRUE changed from 103082 to 103089
21:28:50 - TRANSPONDER CODE:1 changed from 0002.62317968557266 to 0002.62353383198446
21:28:50 - PLANE HEADING DEGREES TRUE changed from 103089 to 103095
21:28:50 - TRANSPONDER CODE:1 changed from 0002.62353383198446 to 0002.62384869061596
21:28:50 - PLANE HEADING DEGREES TRUE changed from 103095 to 103102
21:28:50 - TRANSPONDER CODE:1 changed from 0002.62384869061596 to 0002.62419496466975
21:28:50 - PLANE HEADING DEGREES TRUE changed from 103102 to 103108
21:28:50 - TRANSPONDER CODE:1 changed from 0002.62419496466975 to 0002.62452145569497
21:28:50 - PLANE HEADING DEGREES TRUE changed from 103108 to 103115
21:28:50 - TRANSPONDER CODE:1 changed from 0002.62452145569497 to 0002.62488155036773
21:28:50 - PLANE HEADING DEGREES TRUE changed from 103115 to 103121
21:28:50 - TRANSPONDER CODE:1 changed from 0002.62488155036773 to 0002.62522735340659
21:28:50 - NAV OBS:1 changed from 548 to 549
21:28:50 - PLANE HEADING DEGREES TRUE changed from 103121 to 103130
21:28:50 - TRANSPONDER CODE:1 changed from 0002.62522735340659 to 0002.6256968433042
21:28:50 - PLANE HEADING DEGREES TRUE changed from 103130 to 103137
21:28:50 - TRANSPONDER CODE:1 changed from 0002.6256968433042 to 0002.62602997137795
21:28:50 - PLANE HEADING DEGREES TRUE changed from 103137 to 103143
21:28:50 - TRANSPONDER CODE:1 changed from 0002.62602997137795 to 0002.62638477573481
21:28:50 - PLANE HEADING DEGREES TRUE changed from 103143 to 103151
21:28:50 - TRANSPONDER CODE:1 changed from 0002.62638477573481 to 0002.62678697265132
21:28:50 - PLANE HEADING DEGREES TRUE changed from 103151 to 103158
21:28:50 - TRANSPONDER CODE:1 changed from 0002.62678697265132 to 0002.62715620430714
21:28:50 - PLANE HEADING DEGREES TRUE changed from 103158 to 103165
21:28:50 - TRANSPONDER CODE:1 changed from 0002.62715620430714 to 0002.62752987530414
21:28:50 - PLANE HEADING DEGREES TRUE changed from 103165 to 103174
21:28:50 - TRANSPONDER CODE:1 changed from 0002.62752987530414 to 0002.62795381579606
21:28:50 - PLANE HEADING DEGREES TRUE changed from 103174 to 103180
21:28:50 - TRANSPONDER CODE:1 changed from 0002.62795381579606 to 0002.62828485777074
21:28:50 - PLANE HEADING DEGREES TRUE changed from 103180 to 103187
21:28:50 - TRANSPONDER CODE:1 changed from 0002.62828485777074 to 0002.6286379541361
21:28:50 - PLANE HEADING DEGREES TRUE changed from 103187 to 103193
21:28:50 - TRANSPONDER CODE:1 changed from 0002.6286379541361 to 0002.6289508101272
21:28:50 - PLANE HEADING DEGREES TRUE changed from 103193 to 103200
21:28:50 - TRANSPONDER CODE:1 changed from 0002.6289508101272 to 0002.62928616856633
21:28:50 - PLANE HEADING DEGREES TRUE changed from 103200 to 103206
21:28:50 - TRANSPONDER CODE:1 changed from 0002.62928616856633 to 0002.62961872469074
21:28:50 - PLANE HEADING DEGREES TRUE changed from 103206 to 103213
21:28:50 - TRANSPONDER CODE:1 changed from 0002.62961872469074 to 0002.62996089343597
21:28:50 - PLANE HEADING DEGREES TRUE changed from 103213 to 103220
21:28:50 - TRANSPONDER CODE:1 changed from 0002.62996089343597 to 0002.63032181817302
21:28:50 - PLANE HEADING DEGREES TRUE changed from 103220 to 103226
21:28:50 - TRANSPONDER CODE:1 changed from 0002.63032181817302 to 0002.6306341600593
21:28:50 - PLANE HEADING DEGREES TRUE changed from 103226 to 103233
21:28:50 - TRANSPONDER CODE:1 changed from 0002.6306341600593 to 0002.63098943359928
21:28:50 - PLANE HEADING DEGREES TRUE changed from 103233 to 103238
21:28:50 - TRANSPONDER CODE:1 changed from 0002.63098943359928 to 0002.63128531258927
21:28:50 - PLANE HEADING DEGREES TRUE changed from 103238 to 103245
21:28:50 - TRANSPONDER CODE:1 changed from 0002.63128531258927 to 0002.63162188194527
21:28:50 - PLANE HEADING DEGREES TRUE changed from 103245 to 103251
21:28:50 - TRANSPONDER CODE:1 changed from 0002.63162188194527 to 0002.63195217051996
21:28:50 - PLANE HEADING DEGREES TRUE changed from 103251 to 103257
21:28:50 - TRANSPONDER CODE:1 changed from 0002.63195217051996 to 0002.63227050790782
21:28:50 - PLANE HEADING DEGREES TRUE changed from 103257 to 103265
21:28:50 - TRANSPONDER CODE:1 changed from 0002.63227050790782 to 0002.63267631626047
21:28:50 - PLANE HEADING DEGREES TRUE changed from 103265 to 103271
21:28:50 - TRANSPONDER CODE:1 changed from 0002.63267631626047 to 0002.6330044130898
21:28:50 - PLANE HEADING DEGREES TRUE changed from 103271 to 103278
21:28:50 - TRANSPONDER CODE:1 changed from 0002.6330044130898 to 0002.63336113831599
21:28:50 - PLANE HEADING DEGREES TRUE changed from 103278 to 103284
21:28:50 - TRANSPONDER CODE:1 changed from 0002.63336113831599 to 0002.63368328495959
21:28:50 - PLANE HEADING DEGREES TRUE changed from 103284 to 103291
21:28:50 - TRANSPONDER CODE:1 changed from 0002.63368328495959 to 0002.6340093867098
21:28:50 - PLANE HEADING DEGREES TRUE changed from 103291 to 103297
21:28:50 - TRANSPONDER CODE:1 changed from 0002.6340093867098 to 0002.63436703463297
21:28:50 - NAV OBS:1 changed from 549 to 550
21:28:50 - PLANE HEADING DEGREES TRUE changed from 103297 to 103306
21:28:50 - TRANSPONDER CODE:1 changed from 0002.63436703463297 to 0002.63481648918626
21:28:50 - PLANE HEADING DEGREES TRUE changed from 103306 to 103314
21:28:50 - TRANSPONDER CODE:1 changed from 0002.63481648918626 to 0002.6352676325368
21:28:50 - PLANE HEADING DEGREES TRUE changed from 103314 to 103324
21:28:50 - TRANSPONDER CODE:1 changed from 0002.6352676325368 to 0002.63579504986574
21:28:50 - PLANE HEADING DEGREES TRUE changed from 103324 to 103333
21:28:50 - TRANSPONDER CODE:1 changed from 0002.63579504986574 to 0002.63622270754254
21:28:50 - PLANE HEADING DEGREES TRUE changed from 103333 to 103340
21:28:50 - TRANSPONDER CODE:1 changed from 0002.63622270754254 to 0002.63663328122919
21:28:50 - PLANE HEADING DEGREES TRUE changed from 103340 to 103348
21:28:50 - TRANSPONDER CODE:1 changed from 0002.63663328122919 to 0002.6370083076606
21:28:50 - PLANE HEADING DEGREES TRUE changed from 103348 to 103355
21:28:50 - TRANSPONDER CODE:1 changed from 0002.6370083076606 to 0002.63739584499294
21:28:50 - PLANE HEADING DEGREES TRUE changed from 103355 to 103363
21:28:50 - TRANSPONDER CODE:1 changed from 0002.63739584499294 to 0002.63780761787155
21:28:50 - PLANE HEADING DEGREES TRUE changed from 103363 to 103370
21:28:50 - TRANSPONDER CODE:1 changed from 0002.63780761787155 to 0002.63820189314004
21:28:50 - PLANE HEADING DEGREES TRUE changed from 103370 to 103377
21:28:50 - TRANSPONDER CODE:1 changed from 0002.63820189314004 to 0002.63858215413305
21:28:50 - PLANE HEADING DEGREES TRUE changed from 103377 to 103385
21:28:50 - TRANSPONDER CODE:1 changed from 0002.63858215413305 to 0002.63897770088605
21:28:50 - PLANE HEADING DEGREES TRUE changed from 103385 to 103392
21:28:50 - TRANSPONDER CODE:1 changed from 0002.63897770088605 to 0002.63935880498647
21:28:50 - PLANE HEADING DEGREES TRUE changed from 103392 to 103401
21:28:50 - TRANSPONDER CODE:1 changed from 0002.63935880498647 to 0002.63981292860996
21:28:50 - PLANE HEADING DEGREES TRUE changed from 103401 to 103411
21:28:50 - TRANSPONDER CODE:1 changed from 0002.63981292860996 to 0002.64035803822082
21:28:50 - PLANE HEADING DEGREES TRUE changed from 103411 to 103420
21:28:50 - TRANSPONDER CODE:1 changed from 0002.64035803822082 to 0002.64079652398244
21:28:50 - PLANE HEADING DEGREES TRUE changed from 103420 to 103428
21:28:50 - TRANSPONDER CODE:1 changed from 0002.64079652398244 to 0002.64125959156394
21:28:50 - PLANE HEADING DEGREES TRUE changed from 103428 to 103436
21:28:50 - TRANSPONDER CODE:1 changed from 0002.64125959156394 to 0002.64168120762804
21:28:50 - PLANE HEADING DEGREES TRUE changed from 103436 to 103443
21:28:50 - TRANSPONDER CODE:1 changed from 0002.64168120762804 to 0002.64205240896479
21:28:50 - PLANE HEADING DEGREES TRUE changed from 103443 to 103451
21:28:50 - TRANSPONDER CODE:1 changed from 0002.64205240896479 to 0002.64247022785894
21:28:50 - PLANE HEADING DEGREES TRUE changed from 103451 to 103459
21:28:50 - TRANSPONDER CODE:1 changed from 0002.64247022785894 to 0002.64288682303644
21:28:50 - PLANE HEADING DEGREES TRUE changed from 103459 to 103467
21:28:50 - TRANSPONDER CODE:1 changed from 0002.64288682303644 to 0002.64330146742517
21:28:50 - PLANE HEADING DEGREES TRUE changed from 103467 to 103473
21:28:50 - TRANSPONDER CODE:1 changed from 0002.64330146742517 to 0002.64363019835535
21:28:50 - PLANE HEADING DEGREES TRUE changed from 103473 to 103480
21:28:50 - TRANSPONDER CODE:1 changed from 0002.64363019835535 to 0002.64401708437185
21:28:50 - PLANE HEADING DEGREES TRUE changed from 103480 to 103486
21:28:50 - TRANSPONDER CODE:1 changed from 0002.64401708437185 to 0002.64433294715482
21:28:50 - NAV OBS:1 changed from 550 to 551
21:28:50 - PLANE HEADING DEGREES TRUE changed from 103486 to 103493
21:28:50 - TRANSPONDER CODE:1 changed from 0002.64433294715482 to 0002.64467718438871
21:28:50 - PLANE HEADING DEGREES TRUE changed from 103493 to 103499
21:28:51 - TRANSPONDER CODE:1 changed from 0002.64467718438871 to 0002.64502146182322
21:28:51 - PLANE HEADING DEGREES TRUE changed from 103499 to 103506
21:28:51 - TRANSPONDER CODE:1 changed from 0002.64502146182322 to 0002.64538493504367
21:28:51 - PLANE HEADING DEGREES TRUE changed from 103506 to 103514
21:28:51 - TRANSPONDER CODE:1 changed from 0002.64538493504367 to 0002.64578480206256
21:28:51 - PLANE HEADING DEGREES TRUE changed from 103514 to 103521
21:28:51 - TRANSPONDER CODE:1 changed from 0002.64578480206256 to 0002.6461719483575
21:28:51 - PLANE HEADING DEGREES TRUE changed from 103521 to 103528
21:28:51 - TRANSPONDER CODE:1 changed from 0002.6461719483575 to 0002.64654560698594
21:28:51 - PLANE HEADING DEGREES TRUE changed from 103528 to 103534
21:28:51 - TRANSPONDER CODE:1 changed from 0002.64654560698594 to 0002.64686927235026
21:28:51 - PLANE HEADING DEGREES TRUE changed from 103534 to 103540
21:28:51 - TRANSPONDER CODE:1 changed from 0002.64686927235026 to 0002.64719388117695
21:28:51 - PLANE HEADING DEGREES TRUE changed from 103540 to 103546
21:28:51 - TRANSPONDER CODE:1 changed from 0002.64719388117695 to 0002.64749469845926
21:28:51 - PLANE HEADING DEGREES TRUE changed from 103546 to 103554
21:28:51 - TRANSPONDER CODE:1 changed from 0002.64749469845926 to 0002.64790938346869
21:28:51 - PLANE HEADING DEGREES TRUE changed from 103554 to 103560
21:28:51 - TRANSPONDER CODE:1 changed from 0002.64790938346869 to 0002.64824798548393
21:28:51 - PLANE HEADING DEGREES TRUE changed from 103560 to 103566
21:28:51 - TRANSPONDER CODE:1 changed from 0002.64824798548393 to 0002.64857829050051
21:28:51 - PLANE HEADING DEGREES TRUE changed from 103566 to 103572
21:28:51 - TRANSPONDER CODE:1 changed from 0002.64857829050051 to 0002.64889730846008
21:28:51 - PLANE HEADING DEGREES TRUE changed from 103572 to 103578
21:28:51 - TRANSPONDER CODE:1 changed from 0002.64889730846008 to 0002.64922011864481
21:28:51 - PLANE HEADING DEGREES TRUE changed from 103578 to 103585
21:28:51 - TRANSPONDER CODE:1 changed from 0002.64922011864481 to 0002.64955284689132
21:28:51 - PLANE HEADING DEGREES TRUE changed from 103585 to 103592
21:28:51 - TRANSPONDER CODE:1 changed from 0002.64955284689132 to 0002.64992341783
21:28:51 - PLANE HEADING DEGREES TRUE changed from 103592 to 103598
21:28:51 - TRANSPONDER CODE:1 changed from 0002.64992341783 to 0002.65023788619789
21:28:51 - PLANE HEADING DEGREES TRUE changed from 103598 to 103605
21:28:51 - TRANSPONDER CODE:1 changed from 0002.65023788619789 to 0002.65061586664708
21:28:51 - PLANE HEADING DEGREES TRUE changed from 103605 to 103611
21:28:51 - TRANSPONDER CODE:1 changed from 0002.65061586664708 to 0002.65093901099373
21:28:51 - PLANE HEADING DEGREES TRUE changed from 103611 to 103617
21:28:51 - TRANSPONDER CODE:1 changed from 0002.65093901099373 to 0002.65129751648382
21:28:51 - PLANE HEADING DEGREES TRUE changed from 103617 to 103625
21:28:51 - TRANSPONDER CODE:1 changed from 0002.65129751648382 to 0002.65168611399715
21:28:51 - PLANE HEADING DEGREES TRUE changed from 103625 to 103632
21:28:51 - TRANSPONDER CODE:1 changed from 0002.65168611399715 to 0002.65208250746684
21:28:51 - PLANE HEADING DEGREES TRUE changed from 103632 to 103640
21:28:51 - TRANSPONDER CODE:1 changed from 0002.65208250746684 to 0002.65247975549005
21:28:51 - PLANE HEADING DEGREES TRUE changed from 103640 to 103646
21:28:51 - TRANSPONDER CODE:1 changed from 0002.65247975549005 to 0002.65282079210995
21:28:51 - PLANE HEADING DEGREES TRUE changed from 103646 to 103652
21:28:51 - TRANSPONDER CODE:1 changed from 0002.65282079210995 to 0002.65314946041809
21:28:51 - PLANE HEADING DEGREES TRUE changed from 103652 to 103659
21:28:51 - TRANSPONDER CODE:1 changed from 0002.65314946041809 to 0002.65350434416619
21:28:51 - PLANE HEADING DEGREES TRUE changed from 103659 to 103665
21:28:51 - TRANSPONDER CODE:1 changed from 0002.65350434416619 to 0002.65381646272308
21:28:51 - PLANE HEADING DEGREES TRUE changed from 103665 to 103671
21:28:51 - TRANSPONDER CODE:1 changed from 0002.65381646272308 to 0002.65414538170748
21:28:51 - NAV OBS:1 changed from 551 to 552
21:28:51 - PLANE HEADING DEGREES TRUE changed from 103671 to 103677
21:28:51 - TRANSPONDER CODE:1 changed from 0002.65414538170748 to 0002.65447506391318
21:28:51 - PLANE HEADING DEGREES TRUE changed from 103677 to 103686
21:28:51 - TRANSPONDER CODE:1 changed from 0002.65447506391318 to 0002.65494134572885
21:28:51 - PLANE HEADING DEGREES TRUE changed from 103686 to 103692
21:28:51 - TRANSPONDER CODE:1 changed from 0002.65494134572885 to 0002.65526832751485
21:28:51 - PLANE HEADING DEGREES TRUE changed from 103692 to 103700
21:28:51 - TRANSPONDER CODE:1 changed from 0002.65526832751485 to 0002.65565195231678
21:28:51 - PLANE HEADING DEGREES TRUE changed from 103700 to 103707
21:28:51 - TRANSPONDER CODE:1 changed from 0002.65565195231678 to 0002.65604639597274
21:28:51 - PLANE HEADING DEGREES TRUE changed from 103707 to 103713
21:28:51 - TRANSPONDER CODE:1 changed from 0002.65604639597274 to 0002.65637223043609
21:28:51 - PLANE HEADING DEGREES TRUE changed from 103713 to 103719
21:28:51 - TRANSPONDER CODE:1 changed from 0002.65637223043609 to 0002.65669346869209
21:28:51 - PLANE HEADING DEGREES TRUE changed from 103719 to 103725
21:28:51 - TRANSPONDER CODE:1 changed from 0002.65669346869209 to 0002.657005748881
21:28:51 - PLANE HEADING DEGREES TRUE changed from 103725 to 103731
21:28:51 - TRANSPONDER CODE:1 changed from 0002.657005748881 to 0002.65731308015108
21:28:51 - PLANE HEADING DEGREES TRUE changed from 103731 to 103737
21:28:51 - TRANSPONDER CODE:1 changed from 0002.65731308015108 to 0002.65761141993798
21:28:51 - PLANE HEADING DEGREES TRUE changed from 103737 to 103743
21:28:51 - TRANSPONDER CODE:1 changed from 0002.65761141993798 to 0002.65792598092098
21:28:51 - PLANE HEADING DEGREES TRUE changed from 103743 to 103750
21:28:51 - TRANSPONDER CODE:1 changed from 0002.65792598092098 to 0002.65831876757893
21:28:51 - PLANE HEADING DEGREES TRUE changed from 103750 to 103758
21:28:51 - TRANSPONDER CODE:1 changed from 0002.65831876757893 to 0002.6587488637005
21:28:51 - PLANE HEADING DEGREES TRUE changed from 103758 to 103765
21:28:51 - TRANSPONDER CODE:1 changed from 0002.6587488637005 to 0002.65910937439969
21:28:51 - PLANE HEADING DEGREES TRUE changed from 103765 to 103772
21:28:51 - TRANSPONDER CODE:1 changed from 0002.65910937439969 to 0002.65946804985874
21:28:51 - PLANE HEADING DEGREES TRUE changed from 103772 to 103779
21:28:51 - TRANSPONDER CODE:1 changed from 0002.65946804985874 to 0002.6598108636825
21:28:51 - PLANE HEADING DEGREES TRUE changed from 103779 to 103785
21:28:51 - TRANSPONDER CODE:1 changed from 0002.6598108636825 to 0002.66017030216192
21:28:51 - PLANE HEADING DEGREES TRUE changed from 103785 to 103792
21:28:51 - TRANSPONDER CODE:1 changed from 0002.66017030216192 to 0002.66049316845791
21:28:51 - PLANE HEADING DEGREES TRUE changed from 103792 to 103798
21:28:51 - TRANSPONDER CODE:1 changed from 0002.66049316845791 to 0002.66084278344603
21:28:51 - PLANE HEADING DEGREES TRUE changed from 103798 to 103805
21:28:51 - TRANSPONDER CODE:1 changed from 0002.66084278344603 to 0002.66118439172878
21:28:51 - PLANE HEADING DEGREES TRUE changed from 103805 to 103817
21:28:51 - TRANSPONDER CODE:1 changed from 0002.66118439172878 to 0002.6618196411685
21:28:51 - PLANE HEADING DEGREES TRUE changed from 103817 to 103825
21:28:51 - TRANSPONDER CODE:1 changed from 0002.6618196411685 to 0002.66222962321167
21:28:51 - PLANE HEADING DEGREES TRUE changed from 103825 to 103832
21:28:51 - TRANSPONDER CODE:1 changed from 0002.66222962321167 to 0002.6626170900387
21:28:51 - PLANE HEADING DEGREES TRUE changed from 103832 to 103840
21:28:51 - TRANSPONDER CODE:1 changed from 0002.6626170900387 to 0002.66303948254646
21:28:51 - PLANE HEADING DEGREES TRUE changed from 103840 to 103847
21:28:51 - TRANSPONDER CODE:1 changed from 0002.66303948254646 to 0002.66342806257795
21:28:51 - PLANE HEADING DEGREES TRUE changed from 103847 to 103855
21:28:51 - TRANSPONDER CODE:1 changed from 0002.66342806257795 to 0002.66381993828698
21:28:51 - PLANE HEADING DEGREES TRUE changed from 103855 to 103863
21:28:51 - TRANSPONDER CODE:1 changed from 0002.66381993828698 to 0002.66424771177927
21:28:51 - NAV OBS:1 changed from 552 to 553
21:28:51 - PLANE HEADING DEGREES TRUE changed from 103863 to 103870
21:28:51 - TRANSPONDER CODE:1 changed from 0002.66424771177927 to 0002.66463501254744
21:28:51 - PLANE HEADING DEGREES TRUE changed from 103870 to 103879
21:28:51 - TRANSPONDER CODE:1 changed from 0002.66463501254744 to 0002.66509453990462
21:28:51 - PLANE HEADING DEGREES TRUE changed from 103879 to 103887
21:28:51 - TRANSPONDER CODE:1 changed from 0002.66509453990462 to 0002.66552347048297
21:28:51 - PLANE HEADING DEGREES TRUE changed from 103887 to 103894
21:28:51 - TRANSPONDER CODE:1 changed from 0002.66552347048297 to 0002.66590675484495
21:28:51 - PLANE HEADING DEGREES TRUE changed from 103894 to 103903
21:28:51 - TRANSPONDER CODE:1 changed from 0002.66590675484495 to 0002.66636132500519
21:28:51 - PLANE HEADING DEGREES TRUE changed from 103903 to 103910
21:28:51 - TRANSPONDER CODE:1 changed from 0002.66636132500519 to 0002.66676091160883
21:28:51 - PLANE HEADING DEGREES TRUE changed from 103910 to 103918
21:28:51 - TRANSPONDER CODE:1 changed from 0002.66676091160883 to 0002.66714177888137
21:28:51 - PLANE HEADING DEGREES TRUE changed from 103918 to 103924
21:28:51 - TRANSPONDER CODE:1 changed from 0002.66714177888137 to 0002.66749016547403
21:28:51 - PLANE HEADING DEGREES TRUE changed from 103924 to 103931
21:28:51 - TRANSPONDER CODE:1 changed from 0002.66749016547403 to 0002.66783208772328
21:28:51 - PLANE HEADING DEGREES TRUE changed from 103931 to 103936
21:28:51 - TRANSPONDER CODE:1 changed from 0002.66783208772328 to 0002.66814103689921
21:28:51 - PLANE HEADING DEGREES TRUE changed from 103936 to 103942
21:28:51 - TRANSPONDER CODE:1 changed from 0002.66814103689921 to 0002.66846256971175
21:28:51 - PLANE HEADING DEGREES TRUE changed from 103942 to 103948
21:28:51 - TRANSPONDER CODE:1 changed from 0002.66846256971175 to 0002.66878709544258
21:28:51 - PLANE HEADING DEGREES TRUE changed from 103948 to 103954
21:28:51 - TRANSPONDER CODE:1 changed from 0002.66878709544258 to 0002.66910948181269
21:28:51 - PLANE HEADING DEGREES TRUE changed from 103954 to 103963
21:28:51 - TRANSPONDER CODE:1 changed from 0002.66910948181269 to 0002.66959048730957
21:28:51 - PLANE HEADING DEGREES TRUE changed from 103963 to 103970
21:28:51 - TRANSPONDER CODE:1 changed from 0002.66959048730957 to 0002.66996427027647
21:28:51 - PLANE HEADING DEGREES TRUE changed from 103970 to 103977
21:28:51 - TRANSPONDER CODE:1 changed from 0002.66996427027647 to 0002.6703176727702
21:28:51 - PLANE HEADING DEGREES TRUE changed from 103977 to 103984
21:28:51 - TRANSPONDER CODE:1 changed from 0002.6703176727702 to 0002.67069821072663
21:28:51 - PLANE HEADING DEGREES TRUE changed from 103984 to 103990
21:28:51 - TRANSPONDER CODE:1 changed from 0002.67069821072663 to 0002.6710272609354
21:28:51 - PLANE HEADING DEGREES TRUE changed from 103990 to 103996
21:28:51 - TRANSPONDER CODE:1 changed from 0002.6710272609354 to 0002.67137588656646
21:28:51 - PLANE HEADING DEGREES TRUE changed from 103996 to 104003
21:28:51 - TRANSPONDER CODE:1 changed from 0002.67137588656646 to 0002.67175500000223
21:28:51 - PLANE HEADING DEGREES TRUE changed from 104003 to 104011
21:28:51 - TRANSPONDER CODE:1 changed from 0002.67175500000223 to 0002.67217434969501
21:28:51 - PLANE HEADING DEGREES TRUE changed from 104011 to 104017
21:28:51 - TRANSPONDER CODE:1 changed from 0002.67217434969501 to 0002.67253550325055
21:28:51 - PLANE HEADING DEGREES TRUE changed from 104017 to 104024
21:28:51 - TRANSPONDER CODE:1 changed from 0002.67253550325055 to 0002.67291985798764
21:28:51 - PLANE HEADING DEGREES TRUE changed from 104024 to 104031
21:28:51 - TRANSPONDER CODE:1 changed from 0002.67291985798764 to 0002.67326175763272
21:28:51 - PLANE HEADING DEGREES TRUE changed from 104031 to 104037
21:28:51 - TRANSPONDER CODE:1 changed from 0002.67326175763272 to 0002.6736212206422
21:28:51 - PLANE HEADING DEGREES TRUE changed from 104037 to 104044
21:28:51 - TRANSPONDER CODE:1 changed from 0002.6736212206422 to 0002.67399605495681
21:28:51 - PLANE HEADING DEGREES TRUE changed from 104044 to 104051
21:28:51 - TRANSPONDER CODE:1 changed from 0002.67399605495681 to 0002.6743736664852
21:28:51 - NAV OBS:1 changed from 553 to 554
21:28:51 - PLANE HEADING DEGREES TRUE changed from 104051 to 104058
21:28:51 - TRANSPONDER CODE:1 changed from 0002.6743736664852 to 0002.67473345169233
21:28:51 - PLANE HEADING DEGREES TRUE changed from 104058 to 104064
21:28:51 - TRANSPONDER CODE:1 changed from 0002.67473345169233 to 0002.67508282587133
21:28:51 - PLANE HEADING DEGREES TRUE changed from 104064 to 104070
21:28:51 - TRANSPONDER CODE:1 changed from 0002.67508282587133 to 0002.67543576275247
21:28:51 - PLANE HEADING DEGREES TRUE changed from 104070 to 104077
21:28:51 - TRANSPONDER CODE:1 changed from 0002.67543576275247 to 0002.67577862714604
21:28:51 - PLANE HEADING DEGREES TRUE changed from 104077 to 104084
21:28:51 - TRANSPONDER CODE:1 changed from 0002.67577862714604 to 0002.67616389371559
21:28:51 - PLANE HEADING DEGREES TRUE changed from 104084 to 104090
21:28:51 - TRANSPONDER CODE:1 changed from 0002.67616389371559 to 0002.67653160700815
21:28:51 - PLANE HEADING DEGREES TRUE changed from 104090 to 104099
21:28:51 - TRANSPONDER CODE:1 changed from 0002.67653160700815 to 0002.67699129090234
21:28:52 - PLANE HEADING DEGREES TRUE changed from 104099 to 104107
21:28:52 - TRANSPONDER CODE:1 changed from 0002.67699129090234 to 0002.67742871985944
21:28:52 - PLANE HEADING DEGREES TRUE changed from 104107 to 104113
21:28:52 - TRANSPONDER CODE:1 changed from 0002.67742871985944 to 0002.67780527130217
21:28:52 - PLANE HEADING DEGREES TRUE changed from 104113 to 104120
21:28:52 - TRANSPONDER CODE:1 changed from 0002.67780527130217 to 0002.67817462332129
21:28:52 - PLANE HEADING DEGREES TRUE changed from 104120 to 104127
21:28:52 - TRANSPONDER CODE:1 changed from 0002.67817462332129 to 0002.67853894037912
21:28:52 - KOHLSMAN SETTING STD:1 changed from 51 to 52
21:28:52 - PLANE HEADING DEGREES TRUE changed from 104127 to 104133
21:28:52 - TRANSPONDER CODE:1 changed from 0002.67853894037912 to 0002.67888356971678
21:28:52 - PLANE HEADING DEGREES TRUE changed from 104133 to 104139
21:28:52 - TRANSPONDER CODE:1 changed from 0002.67888356971678 to 0002.67923850310498
21:28:52 - PLANE HEADING DEGREES TRUE changed from 104139 to 104145
21:28:52 - TRANSPONDER CODE:1 changed from 0002.67923850310498 to 0002.67957559185853
21:28:52 - PLANE HEADING DEGREES TRUE changed from 104145 to 104152
21:28:52 - TRANSPONDER CODE:1 changed from 0002.67957559185853 to 0002.67992536858743
21:28:52 - PLANE HEADING DEGREES TRUE changed from 104152 to 104157
21:28:52 - TRANSPONDER CODE:1 changed from 0002.67992536858743 to 0002.6802532711497
21:28:52 - PLANE HEADING DEGREES TRUE changed from 104157 to 104164
21:28:52 - TRANSPONDER CODE:1 changed from 0002.6802532711497 to 0002.68059414115761
21:28:52 - PLANE HEADING DEGREES TRUE changed from 104164 to 104170
21:28:52 - TRANSPONDER CODE:1 changed from 0002.68059414115761 to 0002.68094553438451
21:28:52 - PLANE HEADING DEGREES TRUE changed from 104170 to 104176
21:28:52 - TRANSPONDER CODE:1 changed from 0002.68094553438451 to 0002.68128307115163
21:28:52 - PLANE HEADING DEGREES TRUE changed from 104176 to 104183
21:28:52 - TRANSPONDER CODE:1 changed from 0002.68128307115163 to 0002.68164801157965
21:28:52 - PLANE HEADING DEGREES TRUE changed from 104183 to 104189
21:28:52 - TRANSPONDER CODE:1 changed from 0002.68164801157965 to 0002.68202515690392
21:28:52 - PLANE HEADING DEGREES TRUE changed from 104189 to 104196
21:28:52 - TRANSPONDER CODE:1 changed from 0002.68202515690392 to 0002.68237265585617
21:28:52 - PLANE HEADING DEGREES TRUE changed from 104196 to 104202
21:28:52 - TRANSPONDER CODE:1 changed from 0002.68237265585617 to 0002.68273074810882
21:28:52 - PLANE HEADING DEGREES TRUE changed from 104202 to 104208
21:28:52 - TRANSPONDER CODE:1 changed from 0002.68273074810882 to 0002.68305513450266
21:28:52 - PLANE HEADING DEGREES TRUE changed from 104208 to 104214
21:28:52 - TRANSPONDER CODE:1 changed from 0002.68305513450266 to 0002.68342252698477
21:28:52 - PLANE HEADING DEGREES TRUE changed from 104214 to 104224
21:28:52 - TRANSPONDER CODE:1 changed from 0002.68342252698477 to 0002.68394127190602
21:28:52 - PLANE HEADING DEGREES TRUE changed from 104224 to 104231
21:28:52 - TRANSPONDER CODE:1 changed from 0002.68394127190602 to 0002.68431994300722
21:28:52 - PLANE HEADING DEGREES TRUE changed from 104231 to 104237
21:28:52 - TRANSPONDER CODE:1 changed from 0002.68431994300722 to 0002.68470440976068
21:28:52 - NAV OBS:1 changed from 554 to 555
21:28:52 - PLANE HEADING DEGREES TRUE changed from 104237 to 104245
21:28:52 - TRANSPONDER CODE:1 changed from 0002.68470440976068 to 0002.68514688925783
21:28:52 - PLANE HEADING DEGREES TRUE changed from 104245 to 104252
21:28:52 - TRANSPONDER CODE:1 changed from 0002.68514688925783 to 0002.68550343988838
21:28:52 - PLANE HEADING DEGREES TRUE changed from 104252 to 104261
21:28:52 - TRANSPONDER CODE:1 changed from 0002.68550343988838 to 0002.6859836311034
21:28:52 - PLANE HEADING DEGREES TRUE changed from 104261 to 104269
21:28:52 - TRANSPONDER CODE:1 changed from 0002.6859836311034 to 0002.68646366458553
21:28:52 - PLANE HEADING DEGREES TRUE changed from 104269 to 104278
21:28:52 - TRANSPONDER CODE:1 changed from 0002.68646366458553 to 0002.68691982932362
21:28:52 - PLANE HEADING DEGREES TRUE changed from 104278 to 104285
21:28:52 - TRANSPONDER CODE:1 changed from 0002.68691982932362 to 0002.68732886075593
21:28:52 - PLANE HEADING DEGREES TRUE changed from 104285 to 104293
21:28:52 - TRANSPONDER CODE:1 changed from 0002.68732886075593 to 0002.68776010431194
21:28:52 - PLANE HEADING DEGREES TRUE changed from 104293 to 104301
21:28:52 - TRANSPONDER CODE:1 changed from 0002.68776010431194 to 0002.68821468227658
21:28:52 - PLANE HEADING DEGREES TRUE changed from 104301 to 104309
21:28:52 - TRANSPONDER CODE:1 changed from 0002.68821468227658 to 0002.68863673457085
21:28:52 - PLANE HEADING DEGREES TRUE changed from 104309 to 104317
21:28:52 - TRANSPONDER CODE:1 changed from 0002.68863673457085 to 0002.68904129985175
21:28:52 - PLANE HEADING DEGREES TRUE changed from 104317 to 104324
21:28:52 - TRANSPONDER CODE:1 changed from 0002.68904129985175 to 0002.68945458689942
21:28:52 - PLANE HEADING DEGREES TRUE changed from 104324 to 104332
21:28:52 - TRANSPONDER CODE:1 changed from 0002.68945458689942 to 0002.68988558003207
21:28:52 - PLANE HEADING DEGREES TRUE changed from 104332 to 104341
21:28:52 - TRANSPONDER CODE:1 changed from 0002.68988558003207 to 0002.69035367672552
21:28:52 - PLANE HEADING DEGREES TRUE changed from 104341 to 104350
21:28:52 - TRANSPONDER CODE:1 changed from 0002.69035367672552 to 0002.69083041338137
21:28:52 - PLANE HEADING DEGREES TRUE changed from 104350 to 104358
21:28:52 - TRANSPONDER CODE:1 changed from 0002.69083041338137 to 0002.69126052809389
21:28:52 - PLANE HEADING DEGREES TRUE changed from 104358 to 104365
21:28:52 - TRANSPONDER CODE:1 changed from 0002.69126052809389 to 0002.69165781430916
21:28:52 - PLANE HEADING DEGREES TRUE changed from 104365 to 104373
21:28:52 - TRANSPONDER CODE:1 changed from 0002.69165781430916 to 0002.6920793288963
21:28:52 - PLANE HEADING DEGREES TRUE changed from 104373 to 104383
21:28:52 - TRANSPONDER CODE:1 changed from 0002.6920793288963 to 0002.69260377709165
21:28:52 - PLANE HEADING DEGREES TRUE changed from 104383 to 104390
21:28:52 - TRANSPONDER CODE:1 changed from 0002.69260377709165 to 0002.6929707839371
21:28:52 - PLANE HEADING DEGREES TRUE changed from 104390 to 104397
21:28:52 - TRANSPONDER CODE:1 changed from 0002.6929707839371 to 0002.69335425651874
21:28:52 - PLANE HEADING DEGREES TRUE changed from 104397 to 104404
21:28:52 - TRANSPONDER CODE:1 changed from 0002.69335425651874 to 0002.69371596610277
21:28:52 - PLANE HEADING DEGREES TRUE changed from 104404 to 104411
21:28:52 - TRANSPONDER CODE:1 changed from 0002.69371596610277 to 0002.69409494717452
21:28:52 - PLANE HEADING DEGREES TRUE changed from 104411 to 104418
21:28:52 - TRANSPONDER CODE:1 changed from 0002.69409494717452 to 0002.69447098932588
21:28:52 - PLANE HEADING DEGREES TRUE changed from 104418 to 104425
21:28:52 - TRANSPONDER CODE:1 changed from 0002.69447098932588 to 0002.69488081024027
21:28:52 - NAV OBS:1 changed from 555 to 556
21:28:52 - PLANE HEADING DEGREES TRUE changed from 104425 to 104432
21:28:52 - TRANSPONDER CODE:1 changed from 0002.69488081024027 to 0002.6952269588718
21:28:52 - PLANE HEADING DEGREES TRUE changed from 104432 to 104439
21:28:52 - TRANSPONDER CODE:1 changed from 0002.6952269588718 to 0002.69559524182141
21:28:52 - PLANE HEADING DEGREES TRUE changed from 104439 to 104445
21:28:52 - TRANSPONDER CODE:1 changed from 0002.69559524182141 to 0002.69595905001321
21:28:52 - PLANE HEADING DEGREES TRUE changed from 104445 to 104452
21:28:52 - TRANSPONDER CODE:1 changed from 0002.69595905001321 to 0002.69633051889063
21:28:52 - PLANE HEADING DEGREES TRUE changed from 104452 to 104459
21:28:52 - TRANSPONDER CODE:1 changed from 0002.69633051889063 to 0002.69668431150808
21:28:52 - PLANE HEADING DEGREES TRUE changed from 104459 to 104465
21:28:52 - TRANSPONDER CODE:1 changed from 0002.69668431150808 to 0002.69704003426479
21:28:52 - PLANE HEADING DEGREES TRUE changed from 104465 to 104471
21:28:52 - TRANSPONDER CODE:1 changed from 0002.69704003426479 to 0002.6973602080048
21:28:52 - PLANE HEADING DEGREES TRUE changed from 104471 to 104477
21:28:52 - TRANSPONDER CODE:1 changed from 0002.6973602080048 to 0002.69768662022741
21:28:52 - PLANE HEADING DEGREES TRUE changed from 104477 to 104483
21:28:52 - TRANSPONDER CODE:1 changed from 0002.69768662022741 to 0002.69801249690432
21:28:52 - PLANE HEADING DEGREES TRUE changed from 104483 to 104489
21:28:52 - TRANSPONDER CODE:1 changed from 0002.69801249690432 to 0002.69836112597684
21:28:52 - PLANE HEADING DEGREES TRUE changed from 104489 to 104495
21:28:52 - TRANSPONDER CODE:1 changed from 0002.69836112597684 to 0002.69869958877412
21:28:52 - PLANE HEADING DEGREES TRUE changed from 104495 to 104502
21:28:52 - TRANSPONDER CODE:1 changed from 0002.69869958877412 to 0002.69910695431926
21:28:52 - PLANE HEADING DEGREES TRUE changed from 104502 to 104509
21:28:52 - TRANSPONDER CODE:1 changed from 0002.69910695431926 to 0002.69947899482137
21:28:52 - PLANE HEADING DEGREES TRUE changed from 104509 to 104518
21:28:52 - TRANSPONDER CODE:1 changed from 0002.69947899482137 to 0002.69999858179615
21:28:52 - PLANE HEADING DEGREES TRUE changed from 104518 to 104526
21:28:52 - TRANSPONDER CODE:1 changed from 0002.69999858179615 to 0002.70044095294585
21:28:52 - PLANE HEADING DEGREES TRUE changed from 104526 to 104533
21:28:52 - TRANSPONDER CODE:1 changed from 0002.70044095294585 to 0002.70080518809668
21:28:52 - PLANE HEADING DEGREES TRUE changed from 104533 to 104539
21:28:52 - TRANSPONDER CODE:1 changed from 0002.70080518809668 to 0002.70116370090236
21:28:52 - PLANE HEADING DEGREES TRUE changed from 104539 to 104545
21:28:52 - TRANSPONDER CODE:1 changed from 0002.70116370090236 to 0002.70149313602126
21:28:52 - PLANE HEADING DEGREES TRUE changed from 104545 to 104551
21:28:52 - TRANSPONDER CODE:1 changed from 0002.70149313602126 to 0002.70182943395065
21:28:52 - PLANE HEADING DEGREES TRUE changed from 104551 to 104557
21:28:52 - TRANSPONDER CODE:1 changed from 0002.70182943395065 to 0002.70216270713231
21:28:52 - PLANE HEADING DEGREES TRUE changed from 104557 to 104563
21:28:52 - TRANSPONDER CODE:1 changed from 0002.70216270713231 to 0002.70249269450634
21:28:52 - PLANE HEADING DEGREES TRUE changed from 104563 to 104569
21:28:52 - TRANSPONDER CODE:1 changed from 0002.70249269450634 to 0002.70283976842151
21:28:52 - PLANE HEADING DEGREES TRUE changed from 104569 to 104575
21:28:52 - TRANSPONDER CODE:1 changed from 0002.70283976842151 to 0002.70317869762595
21:28:52 - PLANE HEADING DEGREES TRUE changed from 104575 to 104581
21:28:52 - TRANSPONDER CODE:1 changed from 0002.70317869762595 to 0002.70351428657628
21:28:52 - PLANE HEADING DEGREES TRUE changed from 104581 to 104588
21:28:52 - TRANSPONDER CODE:1 changed from 0002.70351428657628 to 0002.70390799377066
21:28:52 - PLANE HEADING DEGREES TRUE changed from 104588 to 104595
21:28:52 - TRANSPONDER CODE:1 changed from 0002.70390799377066 to 0002.70425501376634
21:28:52 - PLANE HEADING DEGREES TRUE changed from 104595 to 104601
21:28:52 - TRANSPONDER CODE:1 changed from 0002.70425501376634 to 0002.70461037415452
21:28:52 - PLANE HEADING DEGREES TRUE changed from 104601 to 104607
21:28:52 - TRANSPONDER CODE:1 changed from 0002.70461037415452 to 0002.70497176491166
21:28:52 - PLANE HEADING DEGREES TRUE changed from 104607 to 104614
21:28:52 - TRANSPONDER CODE:1 changed from 0002.70497176491166 to 0002.70533818601672
21:28:52 - NAV OBS:1 changed from 556 to 557
21:28:52 - PLANE HEADING DEGREES TRUE changed from 104614 to 104620
21:28:52 - TRANSPONDER CODE:1 changed from 0002.70533818601672 to 0002.70568697295509
21:28:52 - PLANE HEADING DEGREES TRUE changed from 104620 to 104627
21:28:52 - TRANSPONDER CODE:1 changed from 0002.70568697295509 to 0002.70605698773674
21:28:52 - PLANE HEADING DEGREES TRUE changed from 104627 to 104633
21:28:52 - TRANSPONDER CODE:1 changed from 0002.70605698773674 to 0002.70643500984847
21:28:52 - PLANE HEADING DEGREES TRUE changed from 104633 to 104640
21:28:52 - TRANSPONDER CODE:1 changed from 0002.70643500984847 to 0002.70679431469275
21:28:52 - PLANE HEADING DEGREES TRUE changed from 104640 to 104648
21:28:52 - TRANSPONDER CODE:1 changed from 0002.70679431469275 to 0002.7072718702962
21:28:52 - PLANE HEADING DEGREES TRUE changed from 104648 to 104654
21:28:52 - TRANSPONDER CODE:1 changed from 0002.7072718702962 to 0002.70759526781287
21:28:52 - PLANE HEADING DEGREES TRUE changed from 104654 to 104661
21:28:52 - TRANSPONDER CODE:1 changed from 0002.70759526781287 to 0002.70796100967667
21:28:52 - PLANE HEADING DEGREES TRUE changed from 104661 to 104668
21:28:52 - TRANSPONDER CODE:1 changed from 0002.70796100967667 to 0002.70836659293233
21:28:52 - PLANE HEADING DEGREES TRUE changed from 104668 to 104675
21:28:52 - TRANSPONDER CODE:1 changed from 0002.70836659293233 to 0002.70875583974506
21:28:52 - PLANE HEADING DEGREES TRUE changed from 104675 to 104681
21:28:52 - TRANSPONDER CODE:1 changed from 0002.70875583974506 to 0002.70909997399981
21:28:52 - PLANE HEADING DEGREES TRUE changed from 104681 to 104688
21:28:52 - TRANSPONDER CODE:1 changed from 0002.70909997399981 to 0002.70946379710493
21:28:52 - PLANE HEADING DEGREES TRUE changed from 104688 to 104694
21:28:52 - TRANSPONDER CODE:1 changed from 0002.70946379710493 to 0002.70981046874109
21:28:52 - PLANE HEADING DEGREES TRUE changed from 104694 to 104701
21:28:52 - TRANSPONDER CODE:1 changed from 0002.70981046874109 to 0002.71018228280378
21:28:52 - PLANE HEADING DEGREES TRUE changed from 104701 to 104707
21:28:52 - TRANSPONDER CODE:1 changed from 0002.71018228280378 to 0002.71051793594529
21:28:52 - PLANE HEADING DEGREES TRUE changed from 104707 to 104714
21:28:52 - TRANSPONDER CODE:1 changed from 0002.71051793594529 to 0002.71092545463477
21:28:53 - PLANE HEADING DEGREES TRUE changed from 104714 to 104721
21:28:53 - TRANSPONDER CODE:1 changed from 0002.71092545463477 to 0002.71132131902561
21:28:53 - PLANE HEADING DEGREES TRUE changed from 104721 to 104729
21:28:53 - TRANSPONDER CODE:1 changed from 0002.71132131902561 to 0002.71171983306635
21:28:53 - PLANE HEADING DEGREES TRUE changed from 104729 to 104735
21:28:53 - TRANSPONDER CODE:1 changed from 0002.71171983306635 to 0002.71207675749387
21:28:53 - PLANE HEADING DEGREES TRUE changed from 104735 to 104741
21:28:53 - TRANSPONDER CODE:1 changed from 0002.71207675749387 to 0002.71242382360177
21:28:53 - PLANE HEADING DEGREES TRUE changed from 104741 to 104748
21:28:53 - TRANSPONDER CODE:1 changed from 0002.71242382360177 to 0002.71278968619523
21:28:53 - PLANE HEADING DEGREES TRUE changed from 104748 to 104754
21:28:53 - TRANSPONDER CODE:1 changed from 0002.71278968619523 to 0002.71311829113348
21:28:53 - PLANE HEADING DEGREES TRUE changed from 104754 to 104761
21:28:53 - TRANSPONDER CODE:1 changed from 0002.71311829113348 to 0002.71353180497171
21:28:53 - PLANE HEADING DEGREES TRUE changed from 104761 to 104767
21:28:53 - TRANSPONDER CODE:1 changed from 0002.71353180497171 to 0002.71385791658549
21:28:53 - PLANE HEADING DEGREES TRUE changed from 104767 to 104776
21:28:53 - TRANSPONDER CODE:1 changed from 0002.71385791658549 to 0002.71436261453146
21:28:53 - PLANE HEADING DEGREES TRUE changed from 104776 to 104782
21:28:53 - TRANSPONDER CODE:1 changed from 0002.71436261453146 to 0002.7146926625849
21:28:53 - PLANE HEADING DEGREES TRUE changed from 104782 to 104790
21:28:53 - TRANSPONDER CODE:1 changed from 0002.7146926625849 to 0002.71510482487212
21:28:53 - PLANE HEADING DEGREES TRUE changed from 104790 to 104796
21:28:53 - TRANSPONDER CODE:1 changed from 0002.71510482487212 to 0002.71547744594371
21:28:53 - PLANE HEADING DEGREES TRUE changed from 104796 to 104803
21:28:53 - TRANSPONDER CODE:1 changed from 0002.71547744594371 to 0002.71583680012106
21:28:53 - NAV OBS:1 changed from 557 to 558
21:28:53 - PLANE HEADING DEGREES TRUE changed from 104803 to 104809
21:28:53 - TRANSPONDER CODE:1 changed from 0002.71583680012106 to 0002.71619868456127
21:28:53 - PLANE HEADING DEGREES TRUE changed from 104809 to 104816
21:28:53 - TRANSPONDER CODE:1 changed from 0002.71619868456127 to 0002.71654473923815
21:28:53 - PLANE HEADING DEGREES TRUE changed from 104816 to 104821
21:28:53 - TRANSPONDER CODE:1 changed from 0002.71654473923815 to 0002.71687729649062
21:28:53 - PLANE HEADING DEGREES TRUE changed from 104821 to 104828
21:28:53 - TRANSPONDER CODE:1 changed from 0002.71687729649062 to 0002.71722318642169
21:28:53 - PLANE HEADING DEGREES TRUE changed from 104828 to 104835
21:28:53 - TRANSPONDER CODE:1 changed from 0002.71722318642169 to 0002.71760620875205
21:28:53 - PLANE HEADING DEGREES TRUE changed from 104835 to 104842
21:28:53 - TRANSPONDER CODE:1 changed from 0002.71760620875205 to 0002.71800537990929
21:28:53 - PLANE HEADING DEGREES TRUE changed from 104842 to 104849
21:28:53 - TRANSPONDER CODE:1 changed from 0002.71800537990929 to 0002.71843563774437
21:28:53 - PLANE HEADING DEGREES TRUE changed from 104849 to 104857
21:28:53 - TRANSPONDER CODE:1 changed from 0002.71843563774437 to 0002.71884067360091
21:28:53 - PLANE HEADING DEGREES TRUE changed from 104857 to 104863
21:28:53 - TRANSPONDER CODE:1 changed from 0002.71884067360091 to 0002.71921391197718
21:28:53 - PLANE HEADING DEGREES TRUE changed from 104863 to 104870
21:28:53 - TRANSPONDER CODE:1 changed from 0002.71921391197718 to 0002.71957026443383
21:28:53 - PLANE HEADING DEGREES TRUE changed from 104870 to 104876
21:28:53 - TRANSPONDER CODE:1 changed from 0002.71957026443383 to 0002.71994045055596
21:28:53 - PLANE HEADING DEGREES TRUE changed from 104876 to 104882
21:28:53 - TRANSPONDER CODE:1 changed from 0002.71994045055596 to 0002.72029091120743
21:28:53 - PLANE HEADING DEGREES TRUE changed from 104882 to 104889
21:28:53 - TRANSPONDER CODE:1 changed from 0002.72029091120743 to 0002.72069587543829
21:28:53 - PLANE HEADING DEGREES TRUE changed from 104889 to 104896
21:28:53 - TRANSPONDER CODE:1 changed from 0002.72069587543829 to 0002.72105381060748
21:28:53 - PLANE HEADING DEGREES TRUE changed from 104896 to 104902
21:28:53 - TRANSPONDER CODE:1 changed from 0002.72105381060748 to 0002.72142113647222
21:28:53 - PLANE HEADING DEGREES TRUE changed from 104902 to 104911
21:28:53 - TRANSPONDER CODE:1 changed from 0002.72142113647222 to 0002.72193032872882
21:28:53 - PLANE HEADING DEGREES TRUE changed from 104911 to 104917
21:28:53 - TRANSPONDER CODE:1 changed from 0002.72193032872882 to 0002.72228043158837
21:28:53 - PLANE HEADING DEGREES TRUE changed from 104917 to 104924
21:28:53 - TRANSPONDER CODE:1 changed from 0002.72228043158837 to 0002.72266852960926
21:28:53 - PLANE HEADING DEGREES TRUE changed from 104924 to 104931
21:28:53 - TRANSPONDER CODE:1 changed from 0002.72266852960926 to 0002.72304689163375
21:28:53 - PLANE HEADING DEGREES TRUE changed from 104931 to 104938
21:28:53 - TRANSPONDER CODE:1 changed from 0002.72304689163375 to 0002.72345371044935
21:28:53 - PLANE HEADING DEGREES TRUE changed from 104938 to 104944
21:28:53 - TRANSPONDER CODE:1 changed from 0002.72345371044935 to 0002.72382778246359
21:28:53 - PLANE HEADING DEGREES TRUE changed from 104944 to 104952
21:28:53 - TRANSPONDER CODE:1 changed from 0002.72382778246359 to 0002.72424147600223
21:28:53 - PLANE HEADING DEGREES TRUE changed from 104952 to 104959
21:28:53 - TRANSPONDER CODE:1 changed from 0002.72424147600223 to 0002.72467065918617
21:28:53 - PLANE HEADING DEGREES TRUE changed from 104959 to 104966
21:28:53 - TRANSPONDER CODE:1 changed from 0002.72467065918617 to 0002.72507638245263
21:28:53 - PLANE HEADING DEGREES TRUE changed from 104966 to 104973
21:28:53 - TRANSPONDER CODE:1 changed from 0002.72507638245263 to 0002.72546088232461
21:28:53 - PLANE HEADING DEGREES TRUE changed from 104973 to 104980
21:28:53 - TRANSPONDER CODE:1 changed from 0002.72546088232461 to 0002.72584719413297
21:28:53 - PLANE HEADING DEGREES TRUE changed from 104980 to 104986
21:28:53 - TRANSPONDER CODE:1 changed from 0002.72584719413297 to 0002.7262275779862
21:28:53 - NAV OBS:1 changed from 558 to 559
21:28:53 - PLANE HEADING DEGREES TRUE changed from 104986 to 104993
21:28:53 - TRANSPONDER CODE:1 changed from 0002.7262275779862 to 0002.72659220171773
21:28:53 - PLANE HEADING DEGREES TRUE changed from 104993 to 104999
21:28:53 - TRANSPONDER CODE:1 changed from 0002.72659220171773 to 0002.726962263882
21:28:53 - PLANE HEADING DEGREES TRUE changed from 104999 to 105005
21:28:53 - TRANSPONDER CODE:1 changed from 0002.726962263882 to 0002.72731757011043
21:28:53 - PLANE HEADING DEGREES TRUE changed from 105005 to 105011
21:28:53 - TRANSPONDER CODE:1 changed from 0002.72731757011043 to 0002.72766054371228
21:28:53 - PLANE HEADING DEGREES TRUE changed from 105011 to 105018
21:28:53 - TRANSPONDER CODE:1 changed from 0002.72766054371228 to 0002.7280304595849
21:28:53 - PLANE HEADING DEGREES TRUE changed from 105018 to 105024
21:28:53 - TRANSPONDER CODE:1 changed from 0002.7280304595849 to 0002.72837828917563
21:28:53 - PLANE HEADING DEGREES TRUE changed from 105024 to 105030
21:28:53 - TRANSPONDER CODE:1 changed from 0002.72837828917563 to 0002.72872843684786
21:28:53 - PLANE HEADING DEGREES TRUE changed from 105030 to 105035
21:28:53 - TRANSPONDER CODE:1 changed from 0002.72872843684786 to 0002.72906947256625
21:28:53 - PLANE HEADING DEGREES TRUE changed from 105035 to 105043
21:28:53 - TRANSPONDER CODE:1 changed from 0002.72906947256625 to 0002.72952930787186
21:28:53 - PLANE HEADING DEGREES TRUE changed from 105043 to 105049
21:28:53 - TRANSPONDER CODE:1 changed from 0002.72952930787186 to 0002.72986482548384
21:28:53 - PLANE HEADING DEGREES TRUE changed from 105049 to 105055
21:28:53 - TRANSPONDER CODE:1 changed from 0002.72986482548384 to 0002.73023034130468
21:28:53 - PLANE HEADING DEGREES TRUE changed from 105055 to 105061
21:28:53 - TRANSPONDER CODE:1 changed from 0002.73023034130468 to 0002.73059365452954
21:28:53 - PLANE HEADING DEGREES TRUE changed from 105061 to 105067
21:28:53 - TRANSPONDER CODE:1 changed from 0002.73059365452954 to 0002.73093580632971
21:28:53 - PLANE HEADING DEGREES TRUE changed from 105067 to 105073
21:28:53 - TRANSPONDER CODE:1 changed from 0002.73093580632971 to 0002.73129963092631
21:28:53 - PLANE HEADING DEGREES TRUE changed from 105073 to 105080
21:28:53 - TRANSPONDER CODE:1 changed from 0002.73129963092631 to 0002.73167432898215
21:28:53 - PLANE HEADING DEGREES TRUE changed from 105080 to 105087
21:28:53 - TRANSPONDER CODE:1 changed from 0002.73167432898215 to 0002.73208395851554
21:28:53 - PLANE HEADING DEGREES TRUE changed from 105087 to 105093
21:28:53 - TRANSPONDER CODE:1 changed from 0002.73208395851554 to 0002.73245571845733
21:28:53 - PLANE HEADING DEGREES TRUE changed from 105093 to 105100
21:28:53 - TRANSPONDER CODE:1 changed from 0002.73245571845733 to 0002.73287138880205
21:28:53 - PLANE HEADING DEGREES TRUE changed from 105100 to 105107
21:28:53 - TRANSPONDER CODE:1 changed from 0002.73287138880205 to 0002.7332547771675
21:28:53 - PLANE HEADING DEGREES TRUE changed from 105107 to 105113
21:28:53 - TRANSPONDER CODE:1 changed from 0002.7332547771675 to 0002.7336267782489
21:28:53 - PLANE HEADING DEGREES TRUE changed from 105113 to 105121
21:28:53 - TRANSPONDER CODE:1 changed from 0002.7336267782489 to 0002.73406807271526
21:28:53 - PLANE HEADING DEGREES TRUE changed from 105121 to 105127
21:28:53 - TRANSPONDER CODE:1 changed from 0002.73406807271526 to 0002.73444990407803
21:28:53 - PLANE HEADING DEGREES TRUE changed from 105127 to 105134
21:28:53 - TRANSPONDER CODE:1 changed from 0002.73444990407803 to 0002.73486473300959
21:28:53 - PLANE HEADING DEGREES TRUE changed from 105134 to 105140
21:28:53 - TRANSPONDER CODE:1 changed from 0002.73486473300959 to 0002.73522796778181
21:28:53 - PLANE HEADING DEGREES TRUE changed from 105140 to 105147
21:28:53 - TRANSPONDER CODE:1 changed from 0002.73522796778181 to 0002.73559105761738
21:28:53 - PLANE HEADING DEGREES TRUE changed from 105147 to 105154
21:28:53 - TRANSPONDER CODE:1 changed from 0002.73559105761738 to 0002.73599450343758
21:28:53 - PLANE HEADING DEGREES TRUE changed from 105154 to 105160
21:28:53 - TRANSPONDER CODE:1 changed from 0002.73599450343758 to 0002.73633687904199
21:28:53 - PLANE HEADING DEGREES TRUE changed from 105160 to 105168
21:28:53 - TRANSPONDER CODE:1 changed from 0002.73633687904199 to 0002.73683459431435
21:28:53 - PLANE HEADING DEGREES TRUE changed from 105168 to 105176
21:28:53 - TRANSPONDER CODE:1 changed from 0002.73683459431435 to 0002.73727490540468
21:28:53 - NAV OBS:1 changed from 559 to 560
21:28:53 - PLANE HEADING DEGREES TRUE changed from 105176 to 105182
21:28:53 - TRANSPONDER CODE:1 changed from 0002.73727490540468 to 0002.73763614251379
21:28:53 - PLANE HEADING DEGREES TRUE changed from 105182 to 105188
21:28:53 - TRANSPONDER CODE:1 changed from 0002.73763614251379 to 0002.73799554232984
21:28:53 - PLANE HEADING DEGREES TRUE changed from 105188 to 105195
21:28:53 - TRANSPONDER CODE:1 changed from 0002.73799554232984 to 0002.73837511325963
21:28:53 - PLANE HEADING DEGREES TRUE changed from 105195 to 105201
21:28:53 - TRANSPONDER CODE:1 changed from 0002.73837511325963 to 0002.73873853696397
21:28:53 - PLANE HEADING DEGREES TRUE changed from 105201 to 105208
21:28:53 - TRANSPONDER CODE:1 changed from 0002.73873853696397 to 0002.73910114512105
21:28:53 - PLANE HEADING DEGREES TRUE changed from 105208 to 105214
21:28:53 - TRANSPONDER CODE:1 changed from 0002.73910114512105 to 0002.73947118900923
21:28:53 - PLANE HEADING DEGREES TRUE changed from 105214 to 105220
21:28:53 - TRANSPONDER CODE:1 changed from 0002.73947118900923 to 0002.7398282307086
21:28:53 - PLANE HEADING DEGREES TRUE changed from 105220 to 105227
21:28:53 - TRANSPONDER CODE:1 changed from 0002.7398282307086 to 0002.74019229227523
21:28:53 - PLANE HEADING DEGREES TRUE changed from 105227 to 105234
21:28:53 - TRANSPONDER CODE:1 changed from 0002.74019229227523 to 0002.74059925517961
21:28:53 - PLANE HEADING DEGREES TRUE changed from 105234 to 105240
21:28:53 - TRANSPONDER CODE:1 changed from 0002.74059925517961 to 0002.7409336830968
21:28:53 - PLANE HEADING DEGREES TRUE changed from 105240 to 105246
21:28:53 - TRANSPONDER CODE:1 changed from 0002.7409336830968 to 0002.74132975724234
21:28:53 - PLANE HEADING DEGREES TRUE changed from 105246 to 105252
21:28:53 - TRANSPONDER CODE:1 changed from 0002.74132975724234 to 0002.74167103252659
21:28:53 - PLANE HEADING DEGREES TRUE changed from 105252 to 105258
21:28:53 - TRANSPONDER CODE:1 changed from 0002.74167103252659 to 0002.74202049170925
21:28:53 - PLANE HEADING DEGREES TRUE changed from 105258 to 105265
21:28:53 - TRANSPONDER CODE:1 changed from 0002.74202049170925 to 0002.74237559298663
21:28:53 - PLANE HEADING DEGREES TRUE changed from 105265 to 105271
21:28:53 - TRANSPONDER CODE:1 changed from 0002.74237559298663 to 0002.7427347412175
21:28:53 - PLANE HEADING DEGREES TRUE changed from 105271 to 105277
21:28:53 - TRANSPONDER CODE:1 changed from 0002.7427347412175 to 0002.74307786193026
21:28:53 - PLANE HEADING DEGREES TRUE changed from 105277 to 105283
21:28:53 - TRANSPONDER CODE:1 changed from 0002.74307786193026 to 0002.74347190909359
21:28:53 - PLANE HEADING DEGREES TRUE changed from 105283 to 105290
21:28:53 - TRANSPONDER CODE:1 changed from 0002.74347190909359 to 0002.74383700903512
21:28:53 - PLANE HEADING DEGREES TRUE changed from 105290 to 105298
21:28:53 - TRANSPONDER CODE:1 changed from 0002.74383700903512 to 0002.74434796700934
21:28:54 - PLANE HEADING DEGREES TRUE changed from 105298 to 105304
21:28:54 - TRANSPONDER CODE:1 changed from 0002.74434796700934 to 0002.74469408726835
21:28:54 - PLANE HEADING DEGREES TRUE changed from 105304 to 105311
21:28:54 - TRANSPONDER CODE:1 changed from 0002.74469408726835 to 0002.74509719268643
21:28:54 - PLANE HEADING DEGREES TRUE changed from 105311 to 105318
21:28:54 - TRANSPONDER CODE:1 changed from 0002.74509719268643 to 0002.74549439171491
21:28:54 - PLANE HEADING DEGREES TRUE changed from 105318 to 105324
21:28:54 - TRANSPONDER CODE:1 changed from 0002.74549439171491 to 0002.74586174842249
21:28:54 - PLANE HEADING DEGREES TRUE changed from 105324 to 105331
21:28:54 - TRANSPONDER CODE:1 changed from 0002.74586174842249 to 0002.74623772959345
21:28:54 - PLANE HEADING DEGREES TRUE changed from 105331 to 105337
21:28:54 - TRANSPONDER CODE:1 changed from 0002.74623772959345 to 0002.74660691446634
21:28:54 - PLANE HEADING DEGREES TRUE changed from 105337 to 105344
21:28:54 - TRANSPONDER CODE:1 changed from 0002.74660691446634 to 0002.74699091974736
21:28:54 - PLANE HEADING DEGREES TRUE changed from 105344 to 105350
21:28:54 - TRANSPONDER CODE:1 changed from 0002.74699091974736 to 0002.74736002342393
21:28:54 - PLANE HEADING DEGREES TRUE changed from 105350 to 105357
21:28:54 - TRANSPONDER CODE:1 changed from 0002.74736002342393 to 0002.74772663431934
21:28:54 - PLANE HEADING DEGREES TRUE changed from 105357 to 105363
21:28:54 - TRANSPONDER CODE:1 changed from 0002.74772663431934 to 0002.74808404366956
21:28:54 - NAV OBS:1 changed from 560 to 561
21:28:54 - PLANE HEADING DEGREES TRUE changed from 105363 to 105369
21:28:54 - TRANSPONDER CODE:1 changed from 0002.74808404366956 to 0002.74842993305247
21:28:54 - PLANE HEADING DEGREES TRUE changed from 105369 to 105376
21:28:54 - TRANSPONDER CODE:1 changed from 0002.74842993305247 to 0002.74881909221696
21:28:54 - PLANE HEADING DEGREES TRUE changed from 105376 to 105382
21:28:54 - TRANSPONDER CODE:1 changed from 0002.74881909221696 to 0002.74917597787986
21:28:54 - PLANE HEADING DEGREES TRUE changed from 105382 to 105388
21:28:54 - TRANSPONDER CODE:1 changed from 0002.74917597787986 to 0002.74954869561209
21:28:54 - PLANE HEADING DEGREES TRUE changed from 105388 to 105394
21:28:54 - TRANSPONDER CODE:1 changed from 0002.74954869561209 to 0002.74990053950888
21:28:54 - PLANE HEADING DEGREES TRUE changed from 105394 to 105401
21:28:54 - TRANSPONDER CODE:1 changed from 0002.74990053950888 to 0002.7503105631448
21:28:54 - PLANE HEADING DEGREES TRUE changed from 105401 to 105407
21:28:54 - TRANSPONDER CODE:1 changed from 0002.7503105631448 to 0002.75065366504149
21:28:54 - PLANE HEADING DEGREES TRUE changed from 105407 to 105413
21:28:54 - TRANSPONDER CODE:1 changed from 0002.75065366504149 to 0002.75102012214164
21:28:54 - PLANE HEADING DEGREES TRUE changed from 105413 to 105419
21:28:54 - TRANSPONDER CODE:1 changed from 0002.75102012214164 to 0002.75136415476663
21:28:54 - PLANE LATITUDE changed from 54.23 to 54.22
21:28:54 - PLANE HEADING DEGREES TRUE changed from 105419 to 105428
21:28:54 - TRANSPONDER CODE:1 changed from 0002.75136415476663 to 0002.75186415348318
21:28:54 - PLANE HEADING DEGREES TRUE changed from 105428 to 105433
21:28:54 - TRANSPONDER CODE:1 changed from 0002.75186415348318 to 0002.75219464868114
21:28:54 - PLANE HEADING DEGREES TRUE changed from 105433 to 105439
21:28:54 - TRANSPONDER CODE:1 changed from 0002.75219464868114 to 0002.75254508254294
21:28:54 - PLANE HEADING DEGREES TRUE changed from 105439 to 105445
21:28:54 - TRANSPONDER CODE:1 changed from 0002.75254508254294 to 0002.75289771035863
21:28:54 - PLANE HEADING DEGREES TRUE changed from 105445 to 105451
21:28:54 - TRANSPONDER CODE:1 changed from 0002.75289771035863 to 0002.75327748392299
21:28:54 - PLANE HEADING DEGREES TRUE changed from 105451 to 105458
21:28:54 - TRANSPONDER CODE:1 changed from 0002.75327748392299 to 0002.75369900711587
21:28:54 - PLANE HEADING DEGREES TRUE changed from 105458 to 105465
21:28:54 - TRANSPONDER CODE:1 changed from 0002.75369900711587 to 0002.75406554101928
21:28:54 - PLANE HEADING DEGREES TRUE changed from 105465 to 105471
21:28:54 - TRANSPONDER CODE:1 changed from 0002.75406554101928 to 0002.75444197897448
21:28:54 - PLANE HEADING DEGREES TRUE changed from 105471 to 105477
21:28:54 - TRANSPONDER CODE:1 changed from 0002.75444197897448 to 0002.75481923005699
21:28:54 - PLANE HEADING DEGREES TRUE changed from 105477 to 105483
21:28:54 - TRANSPONDER CODE:1 changed from 0002.75481923005699 to 0002.75518474860966
21:28:54 - PLANE HEADING DEGREES TRUE changed from 105483 to 105489
21:28:54 - TRANSPONDER CODE:1 changed from 0002.75518474860966 to 0002.75554619952239
21:28:54 - PLANE HEADING DEGREES TRUE changed from 105489 to 105495
21:28:54 - TRANSPONDER CODE:1 changed from 0002.75554619952239 to 0002.75590604319853
21:28:54 - PLANE HEADING DEGREES TRUE changed from 105495 to 105501
21:28:54 - TRANSPONDER CODE:1 changed from 0002.75590604319853 to 0002.75624556648295
21:28:54 - PLANE HEADING DEGREES TRUE changed from 105501 to 105507
21:28:54 - TRANSPONDER CODE:1 changed from 0002.75624556648295 to 0002.75658424792271
21:28:54 - PLANE HEADING DEGREES TRUE changed from 105507 to 105513
21:28:54 - TRANSPONDER CODE:1 changed from 0002.75658424792271 to 0002.75693142511129
21:28:54 - PLANE HEADING DEGREES TRUE changed from 105513 to 105519
21:28:54 - TRANSPONDER CODE:1 changed from 0002.75693142511129 to 0002.75733699705697
21:28:54 - PLANE HEADING DEGREES TRUE changed from 105519 to 105525
21:28:54 - TRANSPONDER CODE:1 changed from 0002.75733699705697 to 0002.75769140893163
21:28:54 - PLANE HEADING DEGREES TRUE changed from 105525 to 105532
21:28:54 - TRANSPONDER CODE:1 changed from 0002.75769140893163 to 0002.75807209415341
21:28:54 - PLANE HEADING DEGREES TRUE changed from 105532 to 105538
21:28:54 - TRANSPONDER CODE:1 changed from 0002.75807209415341 to 0002.75844173066265
21:28:54 - PLANE HEADING DEGREES TRUE changed from 105538 to 105546
21:28:54 - TRANSPONDER CODE:1 changed from 0002.75844173066265 to 0002.75892471185801
21:28:54 - PLANE HEADING DEGREES TRUE changed from 105546 to 105551
21:28:54 - TRANSPONDER CODE:1 changed from 0002.75892471185801 to 0002.75927395378253
21:28:54 - NAV OBS:1 changed from 561 to 562
21:28:54 - PLANE HEADING DEGREES TRUE changed from 105551 to 105558
21:28:54 - TRANSPONDER CODE:1 changed from 0002.75927395378253 to 0002.75966292846419
21:28:54 - PLANE HEADING DEGREES TRUE changed from 105558 to 105564
21:28:54 - TRANSPONDER CODE:1 changed from 0002.75966292846419 to 0002.76000877321379
21:28:54 - PLANE HEADING DEGREES TRUE changed from 105564 to 105570
21:28:54 - TRANSPONDER CODE:1 changed from 0002.76000877321379 to 0002.76042844176743
21:28:54 - PLANE HEADING DEGREES TRUE changed from 105570 to 105576
21:28:54 - TRANSPONDER CODE:1 changed from 0002.76042844176743 to 0002.7607930627675
21:28:54 - PLANE HEADING DEGREES TRUE changed from 105576 to 105584
21:28:54 - TRANSPONDER CODE:1 changed from 0002.7607930627675 to 0002.76125571107638
21:28:54 - PLANE HEADING DEGREES TRUE changed from 105584 to 105590
21:28:54 - TRANSPONDER CODE:1 changed from 0002.76125571107638 to 0002.76160696363813
21:28:54 - PLANE HEADING DEGREES TRUE changed from 105590 to 105596
21:28:54 - TRANSPONDER CODE:1 changed from 0002.76160696363813 to 0002.76197337170021
21:28:54 - PLANE HEADING DEGREES TRUE changed from 105596 to 105602
21:28:54 - TRANSPONDER CODE:1 changed from 0002.76197337170021 to 0002.76231111081476
21:28:54 - PLANE HEADING DEGREES TRUE changed from 105602 to 105607
21:28:54 - TRANSPONDER CODE:1 changed from 0002.76231111081476 to 0002.76265095249669
21:28:54 - PLANE HEADING DEGREES TRUE changed from 105607 to 105613
21:28:54 - TRANSPONDER CODE:1 changed from 0002.76265095249669 to 0002.76301592112098
21:28:54 - PLANE HEADING DEGREES TRUE changed from 105613 to 105619
21:28:54 - TRANSPONDER CODE:1 changed from 0002.76301592112098 to 0002.76335010155713
21:28:54 - PLANE HEADING DEGREES TRUE changed from 105619 to 105624
21:28:54 - TRANSPONDER CODE:1 changed from 0002.76335010155713 to 0002.76367833170231
21:28:54 - PLANE HEADING DEGREES TRUE changed from 105624 to 105630
21:28:54 - TRANSPONDER CODE:1 changed from 0002.76367833170231 to 0002.76400877239442
21:28:54 - PLANE HEADING DEGREES TRUE changed from 105630 to 105638
21:28:54 - TRANSPONDER CODE:1 changed from 0002.76400877239442 to 0002.76445991850957
21:28:54 - PLANE HEADING DEGREES TRUE changed from 105638 to 105644
21:28:54 - TRANSPONDER CODE:1 changed from 0002.76445991850957 to 0002.76482006386199
21:28:54 - PLANE HEADING DEGREES TRUE changed from 105644 to 105650
21:28:54 - TRANSPONDER CODE:1 changed from 0002.76482006386199 to 0002.76523173370335
21:28:54 - PLANE HEADING DEGREES TRUE changed from 105650 to 105657
21:28:54 - TRANSPONDER CODE:1 changed from 0002.76523173370335 to 0002.76560387901196
21:28:54 - PLANE HEADING DEGREES TRUE changed from 105657 to 105664
21:28:54 - TRANSPONDER CODE:1 changed from 0002.76560387901196 to 0002.76605063385406
21:28:54 - PLANE HEADING DEGREES TRUE changed from 105664 to 105672
21:28:54 - TRANSPONDER CODE:1 changed from 0002.76605063385406 to 0002.76654702610915
21:28:54 - PLANE HEADING DEGREES TRUE changed from 105672 to 105680
21:28:54 - TRANSPONDER CODE:1 changed from 0002.76654702610915 to 0002.76702073378287
21:28:54 - PLANE HEADING DEGREES TRUE changed from 105680 to 105686
21:28:54 - TRANSPONDER CODE:1 changed from 0002.76702073378287 to 0002.76739681755595
21:28:54 - PLANE HEADING DEGREES TRUE changed from 105686 to 105693
21:28:54 - TRANSPONDER CODE:1 changed from 0002.76739681755595 to 0002.76780487560464
21:28:54 - PLANE HEADING DEGREES TRUE changed from 105693 to 105700
21:28:54 - TRANSPONDER CODE:1 changed from 0002.76780487560464 to 0002.76821190397961
21:28:54 - PLANE HEADING DEGREES TRUE changed from 105700 to 105708
21:28:54 - TRANSPONDER CODE:1 changed from 0002.76821190397961 to 0002.76868605859296
21:28:54 - PLANE HEADING DEGREES TRUE changed from 105708 to 105714
21:28:54 - TRANSPONDER CODE:1 changed from 0002.76868605859296 to 0002.76907623040116
21:28:54 - PLANE HEADING DEGREES TRUE changed from 105714 to 105722
21:28:54 - TRANSPONDER CODE:1 changed from 0002.76907623040116 to 0002.76951045943761
21:28:54 - PLANE HEADING DEGREES TRUE changed from 105722 to 105729
21:28:54 - TRANSPONDER CODE:1 changed from 0002.76951045943761 to 0002.76994499978885
21:28:54 - PLANE HEADING DEGREES TRUE changed from 105729 to 105735
21:28:54 - TRANSPONDER CODE:1 changed from 0002.76994499978885 to 0002.77032595147994
21:28:54 - PLANE HEADING DEGREES TRUE changed from 105735 to 105742
21:28:54 - TRANSPONDER CODE:1 changed from 0002.77032595147994 to 0002.77073919023919
21:28:54 - NAV OBS:1 changed from 562 to 563
21:28:54 - PLANE HEADING DEGREES TRUE changed from 105742 to 105748
21:28:54 - TRANSPONDER CODE:1 changed from 0002.77073919023919 to 0002.77111892013995
21:28:54 - PLANE HEADING DEGREES TRUE changed from 105748 to 105755
21:28:54 - TRANSPONDER CODE:1 changed from 0002.77111892013995 to 0002.7715080254722
21:28:54 - PLANE HEADING DEGREES TRUE changed from 105755 to 105760
21:28:54 - TRANSPONDER CODE:1 changed from 0002.7715080254722 to 0002.77185857534871
21:28:54 - PLANE HEADING DEGREES TRUE changed from 105760 to 105767
21:28:54 - TRANSPONDER CODE:1 changed from 0002.77185857534871 to 0002.77222619789505
21:28:54 - PLANE HEADING DEGREES TRUE changed from 105767 to 105774
21:28:54 - TRANSPONDER CODE:1 changed from 0002.77222619789505 to 0002.77265288422259
21:28:54 - PLANE HEADING DEGREES TRUE changed from 105774 to 105779
21:28:54 - TRANSPONDER CODE:1 changed from 0002.77265288422259 to 0002.77300318858322
21:28:54 - PLANE HEADING DEGREES TRUE changed from 105779 to 105785
21:28:54 - TRANSPONDER CODE:1 changed from 0002.77300318858322 to 0002.77337562939578
21:28:54 - PLANE HEADING DEGREES TRUE changed from 105785 to 105791
21:28:54 - TRANSPONDER CODE:1 changed from 0002.77337562939578 to 0002.77373810651481
21:28:54 - PLANE HEADING DEGREES TRUE changed from 105791 to 105797
21:28:54 - TRANSPONDER CODE:1 changed from 0002.77373810651481 to 0002.77408091563561
21:28:54 - PLANE HEADING DEGREES TRUE changed from 105797 to 105804
21:28:54 - TRANSPONDER CODE:1 changed from 0002.77408091563561 to 0002.77455427132308
21:28:54 - PLANE HEADING DEGREES TRUE changed from 105804 to 105811
21:28:54 - TRANSPONDER CODE:1 changed from 0002.77455427132308 to 0002.7749395178531
21:28:54 - PLANE HEADING DEGREES TRUE changed from 105811 to 105818
21:28:54 - TRANSPONDER CODE:1 changed from 0002.7749395178531 to 0002.77538738555934
21:28:54 - PLANE HEADING DEGREES TRUE changed from 105818 to 105824
21:28:54 - TRANSPONDER CODE:1 changed from 0002.77538738555934 to 0002.77576467905854
21:28:54 - PLANE HEADING DEGREES TRUE changed from 105824 to 105832
21:28:54 - TRANSPONDER CODE:1 changed from 0002.77576467905854 to 0002.77623498773409
21:28:54 - PLANE HEADING DEGREES TRUE changed from 105832 to 105838
21:28:54 - TRANSPONDER CODE:1 changed from 0002.77623498773409 to 0002.77661152857322
21:28:54 - Initialising DataRequest
21:28:54 - SimConnect DataRequest active
21:28:55 - SimConnect connection established
21:28:55 - PLANE LATITUDE changed from  to 54.22
21:28:55 - PLANE LONGITUDE changed from  to -9.93
21:28:55 - PLANE HEADING DEGREES TRUE changed from  to 159
21:28:55 - TRANSPONDER CODE:1 changed from  to 7000
21:28:55 - COM STATUS:1 changed from  to 0
21:28:55 - COM ACTIVE FREQUENCY:1 changed from  to 123.600
21:28:55 - COM STANDBY FREQUENCY:1 changed from  to 123.850
21:28:55 - LIGHT TAXI changed from  to false
21:28:55 - LIGHT NAV changed from  to true
21:28:55 - LIGHT BEACON changed from  to true
21:28:55 - AUTOPILOT VERTICAL HOLD VAR changed from  to 2
21:28:55 - GROUND VELOCITY changed from  to 52
21:28:55 - KOHLSMAN SETTING STD:1 changed from  to 0
21:28:55 - AUTOPILOT HEADING LOCK DIR changed from  to 1
21:28:55 - AUTOPILOT ALTITUDE LOCK VAR changed from  to 0
21:28:55 - PLANE ALT ABOVE GROUND changed from  to 563
21:28:55 - NAV OBS:1 changed from  to 0
21:28:55 - AUTOPILOT VERTICAL HOLD VAR changed from  to 2
21:28:55 - PLANE ALT ABOVE GROUND changed from 563 to 564
21:28:55 - PLANE HEADING DEGREES TRUE changed from 159 to 160
21:28:55 - PLANE ALT ABOVE GROUND changed from 564 to 565
21:28:55 - PLANE HEADING DEGREES TRUE changed from 160 to 161
21:28:55 - PLANE ALT ABOVE GROUND changed from 565 to 566
21:28:56 - PLANE HEADING DEGREES TRUE changed from 161 to 162
21:28:56 - PLANE ALT ABOVE GROUND changed from 566 to 567
21:28:56 - PLANE ALT ABOVE GROUND changed from 567 to 568
21:28:56 - PLANE HEADING DEGREES TRUE changed from 162 to 163
21:28:56 - PLANE ALT ABOVE GROUND changed from 568 to 569
21:28:57 - PLANE HEADING DEGREES TRUE changed from 163 to 164
21:28:57 - PLANE ALT ABOVE GROUND changed from 569 to 570
21:28:57 - PLANE HEADING DEGREES TRUE changed from 164 to 165
21:28:57 - PLANE ALT ABOVE GROUND changed from 570 to 571
21:28:57 - PLANE ALT ABOVE GROUND changed from 571 to 572
21:28:58 - PLANE HEADING DEGREES TRUE changed from 165 to 166
21:28:58 - PLANE LONGITUDE changed from -9.93 to -9.92
21:28:58 - PLANE ALT ABOVE GROUND changed from 572 to 573
21:28:58 - PLANE HEADING DEGREES TRUE changed from 166 to 167
21:31:34 - Initialising DataGridView
21:31:34 - Initialising DataTable
21:31:34 - Binding DataTable to DataGridView
21:31:34 - Checking for required applications
21:31:34 - Found MatricServer
21:31:34 - Initialising Matric
21:31:34 - Matric: Getting Clients
21:31:34 - Found FlightSimulator
21:31:34 - Matric: No connected devices found
21:31:34 - Initialising DataRequest
21:31:34 - SimConnect DataRequest active
21:31:34 - DataTable exists, will attempt to load XML.
21:31:34 - DataTable loaded
21:31:34 - SimConnect connection established
21:31:34 - SimConnect recieved an error: SIMCONNECT_EXCEPTION_UNRECOGNIZED_ID
21:31:34 - Initialising DataRequest
21:31:34 - SimConnect DataRequest active
21:31:34 - SimConnect connection established
21:31:34 - PLANE LATITUDE changed from  to 54.23
21:31:34 - PLANE LONGITUDE changed from  to -10.14
21:31:34 - PLANE HEADING DEGREES TRUE changed from  to 6
21:31:34 - TRANSPONDER CODE:1 changed from  to 7000
21:31:34 - COM STATUS:1 changed from  to 0
21:31:34 - COM ACTIVE FREQUENCY:1 changed from  to 127.850
21:31:34 - COM STANDBY FREQUENCY:1 changed from  to 124.850
21:31:34 - LIGHT TAXI changed from  to false
21:31:34 - LIGHT NAV changed from  to true
21:31:34 - LIGHT BEACON changed from  to true
21:31:34 - AUTOPILOT VERTICAL HOLD VAR changed from  to 0
21:31:34 - GROUND VELOCITY changed from  to 66
21:31:34 - KOHLSMAN SETTING STD:1 changed from  to 0
21:31:34 - AUTOPILOT HEADING LOCK DIR changed from  to 0
21:31:34 - AUTOPILOT ALTITUDE LOCK VAR changed from  to 0
21:31:34 - PLANE ALT ABOVE GROUND changed from  to 448
21:31:34 - NAV OBS:1 changed from  to 0
21:31:34 - AUTOPILOT VERTICAL HOLD VAR changed from  to 0
21:31:34 - GROUND VELOCITY changed from 66 to 67
21:31:40 - GROUND VELOCITY changed from 67 to 68
21:31:41 - PLANE ALT ABOVE GROUND changed from 448 to 449
21:31:44 - PLANE LATITUDE changed from 54.23 to 54.24
21:31:46 - PLANE ALT ABOVE GROUND changed from 449 to 450
21:31:50 - PLANE ALT ABOVE GROUND changed from 450 to 451
21:31:54 - PLANE ALT ABOVE GROUND changed from 451 to 452
21:31:59 - GROUND VELOCITY changed from 68 to 69
21:31:59 - PLANE ALT ABOVE GROUND changed from 452 to 453
21:32:01 - PLANE LATITUDE changed from 54.24 to 54.25
21:32:07 - PLANE ALT ABOVE GROUND changed from 453 to 454
21:32:07 - PLANE HEADING DEGREES TRUE changed from 6 to 5
21:32:14 - PLANE ALT ABOVE GROUND changed from 454 to 455
21:32:17 - PLANE LATITUDE changed from 54.25 to 54.26
21:32:28 - PLANE ALT ABOVE GROUND changed from 455 to 456
21:32:33 - PLANE LATITUDE changed from 54.26 to 54.27
21:32:36 - PLANE ALT ABOVE GROUND changed from 456 to 457
21:32:45 - PLANE ALT ABOVE GROUND changed from 457 to 458
21:32:49 - PLANE LATITUDE changed from 54.27 to 54.28
21:32:53 - PLANE ALT ABOVE GROUND changed from 458 to 459
21:33:05 - PLANE LATITUDE changed from 54.28 to 54.29
21:33:06 - PLANE HEADING DEGREES TRUE changed from 5 to 4
21:33:06 - PLANE HEADING DEGREES TRUE changed from 4 to 5
21:33:08 - PLANE HEADING DEGREES TRUE changed from 5 to 4
21:33:10 - PLANE HEADING DEGREES TRUE changed from 4 to 5
21:33:21 - PLANE LATITUDE changed from 54.29 to 54.3
21:33:24 - PLANE ALT ABOVE GROUND changed from 459 to 460
21:33:35 - PLANE ALT ABOVE GROUND changed from 460 to 461
21:33:37 - PLANE LATITUDE changed from 54.3 to 54.31
21:33:39 - PLANE HEADING DEGREES TRUE changed from 5 to 4
21:33:39 - PLANE ALT ABOVE GROUND changed from 461 to 462
21:33:43 - PLANE ALT ABOVE GROUND changed from 462 to 463
